2026-04-03 13:25:18 | INFO | ===== TRAIN DATASET =====
2026-04-03 13:25:18 | INFO | Total samples: 10015
2026-04-03 13:25:18 | INFO | Class distribution:
2026-04-03 13:25:18 | INFO |   Class 0: 1113 samples (11.11%)
2026-04-03 13:25:18 | INFO |   Class 1: 6705 samples (66.95%)
2026-04-03 13:25:18 | INFO |   Class 2: 514 samples (5.13%)
2026-04-03 13:25:18 | INFO |   Class 3: 327 samples (3.27%)
2026-04-03 13:25:18 | INFO |   Class 4: 1099 samples (10.97%)
2026-04-03 13:25:18 | INFO |   Class 5: 115 samples (1.15%)
2026-04-03 13:25:18 | INFO |   Class 6: 142 samples (1.42%)
2026-04-03 13:25:18 | INFO | ===== VALIDATION DATASET =====
2026-04-03 13:25:18 | INFO | Total samples: 193
2026-04-03 13:25:18 | INFO | Class distribution:
2026-04-03 13:25:18 | INFO |   Class 0: 21 samples (10.88%)
2026-04-03 13:25:18 | INFO |   Class 1: 123 samples (63.73%)
2026-04-03 13:25:18 | INFO |   Class 2: 15 samples (7.77%)
2026-04-03 13:25:18 | INFO |   Class 3: 8 samples (4.15%)
2026-04-03 13:25:18 | INFO |   Class 4: 22 samples (11.40%)
2026-04-03 13:25:18 | INFO |   Class 5: 1 samples (0.52%)
2026-04-03 13:25:18 | INFO |   Class 6: 3 samples (1.55%)
2026-04-03 13:25:18 | INFO | ===== TEST DATASET =====
2026-04-03 13:25:18 | INFO | Total samples: 1512
2026-04-03 13:25:18 | INFO | Class distribution:
2026-04-03 13:25:18 | INFO |   Class 0: 171 samples (11.31%)
2026-04-03 13:25:18 | INFO |   Class 1: 909 samples (60.12%)
2026-04-03 13:25:18 | INFO |   Class 2: 93 samples (6.15%)
2026-04-03 13:25:18 | INFO |   Class 3: 43 samples (2.84%)
2026-04-03 13:25:18 | INFO |   Class 4: 217 samples (14.35%)
2026-04-03 13:25:18 | INFO |   Class 5: 44 samples (2.91%)
2026-04-03 13:25:18 | INFO |   Class 6: 35 samples (2.31%)
2026-04-03 13:26:56 | INFO | Epoch [1/100]
2026-04-03 13:26:56 | INFO | Train Loss: 1.3750 | Train Acc: 0.5207 | Val Loss: 1.0203 | Val Acc: 0.7720
2026-04-03 13:28:29 | INFO | Epoch [2/100]
2026-04-03 13:28:29 | INFO | Train Loss: 1.0027 | Train Acc: 0.6689 | Val Loss: 1.6788 | Val Acc: 0.8187
2026-04-03 13:30:02 | INFO | Epoch [3/100]
2026-04-03 13:30:02 | INFO | Train Loss: 0.9577 | Train Acc: 0.6780 | Val Loss: 1.9730 | Val Acc: 0.8135
2026-04-03 13:31:34 | INFO | Epoch [4/100]
2026-04-03 13:31:34 | INFO | Train Loss: 0.8872 | Train Acc: 0.7015 | Val Loss: 2.0953 | Val Acc: 0.7979
2026-04-03 13:33:06 | INFO | Epoch [5/100]
2026-04-03 13:33:06 | INFO | Train Loss: 0.8611 | Train Acc: 0.7137 | Val Loss: 1.7645 | Val Acc: 0.8446
2026-04-03 13:34:40 | INFO | Epoch [6/100]
2026-04-03 13:34:40 | INFO | Train Loss: 0.7304 | Train Acc: 0.7638 | Val Loss: 1.7136 | Val Acc: 0.8290
2026-04-03 13:36:12 | INFO | Epoch [7/100]
2026-04-03 13:36:12 | INFO | Train Loss: 0.7445 | Train Acc: 0.7435 | Val Loss: 1.9164 | Val Acc: 0.9067
2026-04-03 13:37:44 | INFO | Epoch [8/100]
2026-04-03 13:37:44 | INFO | Train Loss: 0.6792 | Train Acc: 0.7769 | Val Loss: 2.0120 | Val Acc: 0.8756
2026-04-03 13:39:17 | INFO | Epoch [9/100]
2026-04-03 13:39:17 | INFO | Train Loss: 0.6942 | Train Acc: 0.7642 | Val Loss: 1.8605 | Val Acc: 0.8808
2026-04-03 13:40:50 | INFO | Epoch [10/100]
2026-04-03 13:40:50 | INFO | Train Loss: 0.7310 | Train Acc: 0.7430 | Val Loss: 1.0399 | Val Acc: 0.8705
2026-04-03 13:42:22 | INFO | Epoch [11/100]
2026-04-03 13:42:22 | INFO | Train Loss: 0.7414 | Train Acc: 0.7370 | Val Loss: 1.0729 | Val Acc: 0.9223
2026-04-03 13:43:55 | INFO | Epoch [12/100]
2026-04-03 13:43:55 | INFO | Train Loss: 0.6645 | Train Acc: 0.7693 | Val Loss: 1.5840 | Val Acc: 0.8238
2026-04-03 13:45:27 | INFO | Epoch [13/100]
2026-04-03 13:45:27 | INFO | Train Loss: 0.6708 | Train Acc: 0.7627 | Val Loss: 1.1117 | Val Acc: 0.8705
2026-04-03 13:46:59 | INFO | Epoch [14/100]
2026-04-03 13:46:59 | INFO | Train Loss: 0.6397 | Train Acc: 0.7819 | Val Loss: 2.0077 | Val Acc: 0.9016
2026-04-03 13:48:33 | INFO | Epoch [15/100]
2026-04-03 13:48:33 | INFO | Train Loss: 0.6382 | Train Acc: 0.7712 | Val Loss: 1.2241 | Val Acc: 0.9067
2026-04-03 13:50:07 | INFO | Epoch [16/100]
2026-04-03 13:50:07 | INFO | Train Loss: 0.6511 | Train Acc: 0.7762 | Val Loss: 1.5245 | Val Acc: 0.8964
2026-04-03 13:51:39 | INFO | Epoch [17/100]
2026-04-03 13:51:39 | INFO | Train Loss: 0.6702 | Train Acc: 0.7689 | Val Loss: 1.2921 | Val Acc: 0.9016
2026-04-03 13:53:11 | INFO | Epoch [18/100]
2026-04-03 13:53:11 | INFO | Train Loss: 0.5939 | Train Acc: 0.7903 | Val Loss: 1.8137 | Val Acc: 0.9016
2026-04-03 13:54:45 | INFO | Epoch [19/100]
2026-04-03 13:54:45 | INFO | Train Loss: 0.6059 | Train Acc: 0.7874 | Val Loss: 1.6225 | Val Acc: 0.8756
2026-04-03 13:56:17 | INFO | Epoch [20/100]
2026-04-03 13:56:17 | INFO | Train Loss: 0.6400 | Train Acc: 0.7705 | Val Loss: 1.5757 | Val Acc: 0.8912
2026-04-03 13:56:21 | INFO | --- TEST METRICS @ Epoch 20 ---
2026-04-03 13:56:21 | INFO | Acc@1: 0.8571
2026-04-03 13:56:21 | INFO | Acc@5: 0.9894
2026-04-03 13:56:21 | INFO | Precision: 0.8231
2026-04-03 13:56:21 | INFO | Recall: 0.7778
2026-04-03 13:56:21 | INFO | F1: 0.7904
2026-04-03 13:56:21 | INFO | Macro F1: 0.7904
2026-04-03 13:56:21 | INFO | ROC-AUC: 0.9479
2026-04-03 13:57:53 | INFO | Epoch [21/100]
2026-04-03 13:57:53 | INFO | Train Loss: 0.6254 | Train Acc: 0.7806 | Val Loss: 1.4500 | Val Acc: 0.8756
2026-04-03 13:59:27 | INFO | Epoch [22/100]
2026-04-03 13:59:27 | INFO | Train Loss: 0.6199 | Train Acc: 0.7854 | Val Loss: 1.6585 | Val Acc: 0.8912
2026-04-03 14:00:59 | INFO | Epoch [23/100]
2026-04-03 14:00:59 | INFO | Train Loss: 0.5969 | Train Acc: 0.7942 | Val Loss: 1.4933 | Val Acc: 0.8964
2026-04-03 14:02:31 | INFO | Epoch [24/100]
2026-04-03 14:02:31 | INFO | Train Loss: 0.6067 | Train Acc: 0.7752 | Val Loss: 1.4529 | Val Acc: 0.8964
2026-04-03 14:04:05 | INFO | Epoch [25/100]
2026-04-03 14:04:05 | INFO | Train Loss: 0.5623 | Train Acc: 0.7978 | Val Loss: 1.6259 | Val Acc: 0.9119
2026-04-03 14:05:37 | INFO | Epoch [26/100]
2026-04-03 14:05:37 | INFO | Train Loss: 0.6247 | Train Acc: 0.7732 | Val Loss: 1.5180 | Val Acc: 0.8860
2026-04-03 14:07:09 | INFO | Epoch [27/100]
2026-04-03 14:07:09 | INFO | Train Loss: 0.5875 | Train Acc: 0.7820 | Val Loss: 1.6743 | Val Acc: 0.8964
2026-04-03 14:08:41 | INFO | Epoch [28/100]
2026-04-03 14:08:41 | INFO | Train Loss: 0.5787 | Train Acc: 0.7905 | Val Loss: 0.7765 | Val Acc: 0.8808
2026-04-03 14:10:15 | INFO | Epoch [29/100]
2026-04-03 14:10:15 | INFO | Train Loss: 0.5691 | Train Acc: 0.7929 | Val Loss: 1.4845 | Val Acc: 0.8912
2026-04-03 14:11:47 | INFO | Epoch [30/100]
2026-04-03 14:11:47 | INFO | Train Loss: 0.5651 | Train Acc: 0.7968 | Val Loss: 1.6125 | Val Acc: 0.8860
2026-04-03 14:13:19 | INFO | Epoch [31/100]
2026-04-03 14:13:19 | INFO | Train Loss: 0.5811 | Train Acc: 0.7876 | Val Loss: 1.5460 | Val Acc: 0.8653
2026-04-03 14:14:53 | INFO | Epoch [32/100]
2026-04-03 14:14:53 | INFO | Train Loss: 0.5376 | Train Acc: 0.7964 | Val Loss: 0.7361 | Val Acc: 0.8808
2026-04-03 14:16:25 | INFO | Epoch [33/100]
2026-04-03 14:16:25 | INFO | Train Loss: 0.5919 | Train Acc: 0.7749 | Val Loss: 0.6627 | Val Acc: 0.8912
2026-04-03 14:17:57 | INFO | Epoch [34/100]
2026-04-03 14:17:57 | INFO | Train Loss: 0.5258 | Train Acc: 0.8170 | Val Loss: 1.1185 | Val Acc: 0.9016
2026-04-03 14:19:30 | INFO | Epoch [35/100]
2026-04-03 14:19:30 | INFO | Train Loss: 0.5361 | Train Acc: 0.8107 | Val Loss: 1.4211 | Val Acc: 0.8808
2026-04-03 14:21:03 | INFO | Epoch [36/100]
2026-04-03 14:21:03 | INFO | Train Loss: 0.5411 | Train Acc: 0.8133 | Val Loss: 1.2658 | Val Acc: 0.8912
2026-04-03 14:22:00 | INFO | Epoch [37/100]
2026-04-03 14:22:00 | INFO | Train Loss: 0.5627 | Train Acc: 0.7959 | Val Loss: 1.1849 | Val Acc: 0.8756
2026-04-03 14:22:44 | INFO | Epoch [38/100]
2026-04-03 14:22:44 | INFO | Train Loss: 0.5509 | Train Acc: 0.7919 | Val Loss: 1.0957 | Val Acc: 0.8705
2026-04-03 14:23:28 | INFO | Epoch [39/100]
2026-04-03 14:23:28 | INFO | Train Loss: 0.5380 | Train Acc: 0.7970 | Val Loss: 0.6898 | Val Acc: 0.9016
2026-04-03 14:24:12 | INFO | Epoch [40/100]
2026-04-03 14:24:12 | INFO | Train Loss: 0.5230 | Train Acc: 0.8055 | Val Loss: 1.4217 | Val Acc: 0.9016
2026-04-03 14:24:15 | INFO | --- TEST METRICS @ Epoch 40 ---
2026-04-03 14:24:15 | INFO | Acc@1: 0.8604
2026-04-03 14:24:15 | INFO | Acc@5: 0.9914
2026-04-03 14:24:15 | INFO | Precision: 0.8160
2026-04-03 14:24:15 | INFO | Recall: 0.7763
2026-04-03 14:24:15 | INFO | F1: 0.7943
2026-04-03 14:24:15 | INFO | Macro F1: 0.7943
2026-04-03 14:24:15 | INFO | ROC-AUC: 0.9509
2026-04-03 14:24:59 | INFO | Epoch [41/100]
2026-04-03 14:24:59 | INFO | Train Loss: 0.6063 | Train Acc: 0.7586 | Val Loss: 0.7318 | Val Acc: 0.8860
2026-04-03 14:25:43 | INFO | Epoch [42/100]
2026-04-03 14:25:43 | INFO | Train Loss: 0.5670 | Train Acc: 0.7856 | Val Loss: 1.2142 | Val Acc: 0.8912
2026-04-03 14:26:27 | INFO | Epoch [43/100]
2026-04-03 14:26:28 | INFO | Train Loss: 0.5599 | Train Acc: 0.7963 | Val Loss: 1.1821 | Val Acc: 0.8860
2026-04-03 14:27:12 | INFO | Epoch [44/100]
2026-04-03 14:27:12 | INFO | Train Loss: 0.5227 | Train Acc: 0.7950 | Val Loss: 0.9332 | Val Acc: 0.9067
2026-04-03 14:27:56 | INFO | Epoch [45/100]
2026-04-03 14:27:56 | INFO | Train Loss: 0.5418 | Train Acc: 0.7887 | Val Loss: 1.2127 | Val Acc: 0.9067
2026-04-03 14:28:40 | INFO | Epoch [46/100]
2026-04-03 14:28:40 | INFO | Train Loss: 0.5338 | Train Acc: 0.7975 | Val Loss: 1.0657 | Val Acc: 0.8912
2026-04-03 14:29:25 | INFO | Epoch [47/100]
2026-04-03 14:29:25 | INFO | Train Loss: 0.5139 | Train Acc: 0.8097 | Val Loss: 1.0122 | Val Acc: 0.8705
2026-04-03 14:30:09 | INFO | Epoch [48/100]
2026-04-03 14:30:09 | INFO | Train Loss: 0.4984 | Train Acc: 0.8171 | Val Loss: 0.7466 | Val Acc: 0.8756
2026-04-03 14:30:53 | INFO | Epoch [49/100]
2026-04-03 14:30:53 | INFO | Train Loss: 0.5416 | Train Acc: 0.7885 | Val Loss: 0.7963 | Val Acc: 0.9171
2026-04-03 14:31:37 | INFO | Epoch [50/100]
2026-04-03 14:31:37 | INFO | Train Loss: 0.5088 | Train Acc: 0.8081 | Val Loss: 0.9859 | Val Acc: 0.8756
2026-04-03 14:32:21 | INFO | Epoch [51/100]
2026-04-03 14:32:21 | INFO | Train Loss: 0.4995 | Train Acc: 0.8067 | Val Loss: 1.1805 | Val Acc: 0.8912
2026-04-03 14:33:06 | INFO | Epoch [52/100]
2026-04-03 14:33:06 | INFO | Train Loss: 0.5066 | Train Acc: 0.8024 | Val Loss: 0.8696 | Val Acc: 0.8964
2026-04-03 14:33:50 | INFO | Epoch [53/100]
2026-04-03 14:33:50 | INFO | Train Loss: 0.5183 | Train Acc: 0.8042 | Val Loss: 1.3332 | Val Acc: 0.9067
2026-04-03 14:34:34 | INFO | Epoch [54/100]
2026-04-03 14:34:34 | INFO | Train Loss: 0.4970 | Train Acc: 0.8096 | Val Loss: 1.1105 | Val Acc: 0.9067
2026-04-03 14:35:18 | INFO | Epoch [55/100]
2026-04-03 14:35:18 | INFO | Train Loss: 0.4692 | Train Acc: 0.8297 | Val Loss: 1.4001 | Val Acc: 0.9119
2026-04-03 14:36:02 | INFO | Epoch [56/100]
2026-04-03 14:36:02 | INFO | Train Loss: 0.5266 | Train Acc: 0.7934 | Val Loss: 0.8284 | Val Acc: 0.9067
2026-04-03 14:36:46 | INFO | Epoch [57/100]
2026-04-03 14:36:46 | INFO | Train Loss: 0.5398 | Train Acc: 0.7933 | Val Loss: 0.9298 | Val Acc: 0.9067
2026-04-03 14:37:54 | INFO | Epoch [58/100]
2026-04-03 14:37:54 | INFO | Train Loss: 0.5378 | Train Acc: 0.7837 | Val Loss: 1.0274 | Val Acc: 0.8964
2026-04-03 14:39:26 | INFO | Epoch [59/100]
2026-04-03 14:39:26 | INFO | Train Loss: 0.5017 | Train Acc: 0.8018 | Val Loss: 0.9999 | Val Acc: 0.9171
2026-04-03 14:40:57 | INFO | Epoch [60/100]
2026-04-03 14:40:57 | INFO | Train Loss: 0.5274 | Train Acc: 0.8032 | Val Loss: 0.5309 | Val Acc: 0.9016
2026-04-03 14:41:01 | INFO | --- TEST METRICS @ Epoch 60 ---
2026-04-03 14:41:01 | INFO | Acc@1: 0.8638
2026-04-03 14:41:01 | INFO | Acc@5: 0.9914
2026-04-03 14:41:01 | INFO | Precision: 0.8303
2026-04-03 14:41:01 | INFO | Recall: 0.7463
2026-04-03 14:41:01 | INFO | F1: 0.7789
2026-04-03 14:41:01 | INFO | Macro F1: 0.7789
2026-04-03 14:41:01 | INFO | ROC-AUC: 0.9427
2026-04-03 14:42:32 | INFO | Epoch [61/100]
2026-04-03 14:42:32 | INFO | Train Loss: 0.5045 | Train Acc: 0.8062 | Val Loss: 0.8888 | Val Acc: 0.9119
2026-04-03 14:44:04 | INFO | Epoch [62/100]
2026-04-03 14:44:04 | INFO | Train Loss: 0.4803 | Train Acc: 0.8188 | Val Loss: 0.7160 | Val Acc: 0.8912
2026-04-03 14:45:37 | INFO | Epoch [63/100]
2026-04-03 14:45:37 | INFO | Train Loss: 0.5123 | Train Acc: 0.8002 | Val Loss: 0.9207 | Val Acc: 0.9067
2026-04-03 14:47:08 | INFO | Epoch [64/100]
2026-04-03 14:47:08 | INFO | Train Loss: 0.4858 | Train Acc: 0.8119 | Val Loss: 0.5187 | Val Acc: 0.8860
2026-04-03 14:48:39 | INFO | Epoch [65/100]
2026-04-03 14:48:39 | INFO | Train Loss: 0.5047 | Train Acc: 0.8085 | Val Loss: 0.9041 | Val Acc: 0.9067
2026-04-03 14:50:10 | INFO | Epoch [66/100]
2026-04-03 14:50:10 | INFO | Train Loss: 0.5323 | Train Acc: 0.7993 | Val Loss: 0.8053 | Val Acc: 0.9119
2026-04-03 14:51:42 | INFO | Epoch [67/100]
2026-04-03 14:51:42 | INFO | Train Loss: 0.4917 | Train Acc: 0.8075 | Val Loss: 1.1304 | Val Acc: 0.9016
2026-04-03 14:53:13 | INFO | Epoch [68/100]
2026-04-03 14:53:13 | INFO | Train Loss: 0.5320 | Train Acc: 0.7897 | Val Loss: 0.8337 | Val Acc: 0.8860
2026-04-03 14:54:44 | INFO | Epoch [69/100]
2026-04-03 14:54:44 | INFO | Train Loss: 0.5028 | Train Acc: 0.7994 | Val Loss: 1.3349 | Val Acc: 0.8964
2026-04-03 14:56:15 | INFO | Epoch [70/100]
2026-04-03 14:56:15 | INFO | Train Loss: 0.5236 | Train Acc: 0.7984 | Val Loss: 0.6077 | Val Acc: 0.9016
2026-04-03 14:57:48 | INFO | Epoch [71/100]
2026-04-03 14:57:48 | INFO | Train Loss: 0.5221 | Train Acc: 0.7967 | Val Loss: 0.8895 | Val Acc: 0.8964
2026-04-03 14:59:19 | INFO | Epoch [72/100]
2026-04-03 14:59:19 | INFO | Train Loss: 0.5132 | Train Acc: 0.7875 | Val Loss: 1.0839 | Val Acc: 0.8912
2026-04-03 15:00:50 | INFO | Epoch [73/100]
2026-04-03 15:00:50 | INFO | Train Loss: 0.4576 | Train Acc: 0.8323 | Val Loss: 0.9405 | Val Acc: 0.8808
2026-04-03 15:02:22 | INFO | Epoch [74/100]
2026-04-03 15:02:22 | INFO | Train Loss: 0.4694 | Train Acc: 0.8121 | Val Loss: 0.7831 | Val Acc: 0.8964
2026-04-03 15:03:53 | INFO | Epoch [75/100]
2026-04-03 15:03:53 | INFO | Train Loss: 0.5061 | Train Acc: 0.7923 | Val Loss: 1.3439 | Val Acc: 0.8912
2026-04-03 15:05:24 | INFO | Epoch [76/100]
2026-04-03 15:05:24 | INFO | Train Loss: 0.5065 | Train Acc: 0.7933 | Val Loss: 1.0210 | Val Acc: 0.8964
2026-04-03 15:06:55 | INFO | Epoch [77/100]
2026-04-03 15:06:55 | INFO | Train Loss: 0.4834 | Train Acc: 0.8172 | Val Loss: 0.9041 | Val Acc: 0.8808
2026-04-03 15:08:27 | INFO | Epoch [78/100]
2026-04-03 15:08:27 | INFO | Train Loss: 0.4458 | Train Acc: 0.8174 | Val Loss: 0.9646 | Val Acc: 0.8912
2026-04-03 15:10:00 | INFO | Epoch [79/100]
2026-04-03 15:10:00 | INFO | Train Loss: 0.4892 | Train Acc: 0.8107 | Val Loss: 1.0700 | Val Acc: 0.8912
2026-04-03 15:11:32 | INFO | Epoch [80/100]
2026-04-03 15:11:32 | INFO | Train Loss: 0.5009 | Train Acc: 0.7956 | Val Loss: 1.0403 | Val Acc: 0.8964
2026-04-03 15:11:36 | INFO | --- TEST METRICS @ Epoch 80 ---
2026-04-03 15:11:36 | INFO | Acc@1: 0.8638
2026-04-03 15:11:36 | INFO | Acc@5: 0.9914
2026-04-03 15:11:36 | INFO | Precision: 0.8345
2026-04-03 15:11:36 | INFO | Recall: 0.7480
2026-04-03 15:11:36 | INFO | F1: 0.7868
2026-04-03 15:11:36 | INFO | Macro F1: 0.7868
2026-04-03 15:11:36 | INFO | ROC-AUC: 0.9445
2026-04-03 15:13:07 | INFO | Epoch [81/100]
2026-04-03 15:13:07 | INFO | Train Loss: 0.4484 | Train Acc: 0.8232 | Val Loss: 1.0935 | Val Acc: 0.8860
2026-04-03 15:14:38 | INFO | Epoch [82/100]
2026-04-03 15:14:38 | INFO | Train Loss: 0.4556 | Train Acc: 0.8239 | Val Loss: 1.0856 | Val Acc: 0.8964
2026-04-03 15:16:10 | INFO | Epoch [83/100]
2026-04-03 15:16:10 | INFO | Train Loss: 0.5298 | Train Acc: 0.7932 | Val Loss: 1.0118 | Val Acc: 0.8912
2026-04-03 15:17:41 | INFO | Epoch [84/100]
2026-04-03 15:17:41 | INFO | Train Loss: 0.4916 | Train Acc: 0.7977 | Val Loss: 0.8737 | Val Acc: 0.8912
2026-04-03 15:19:13 | INFO | Epoch [85/100]
2026-04-03 15:19:13 | INFO | Train Loss: 0.4762 | Train Acc: 0.8096 | Val Loss: 1.0421 | Val Acc: 0.8860
2026-04-03 15:20:44 | INFO | Epoch [86/100]
2026-04-03 15:20:44 | INFO | Train Loss: 0.4797 | Train Acc: 0.8109 | Val Loss: 0.8202 | Val Acc: 0.8912
2026-04-03 15:22:16 | INFO | Epoch [87/100]
2026-04-03 15:22:16 | INFO | Train Loss: 0.4847 | Train Acc: 0.8057 | Val Loss: 0.9365 | Val Acc: 0.8860
2026-04-03 15:23:48 | INFO | Epoch [88/100]
2026-04-03 15:23:48 | INFO | Train Loss: 0.5096 | Train Acc: 0.7966 | Val Loss: 0.9075 | Val Acc: 0.8912
2026-04-03 15:25:20 | INFO | Epoch [89/100]
2026-04-03 15:25:20 | INFO | Train Loss: 0.4652 | Train Acc: 0.8207 | Val Loss: 0.9718 | Val Acc: 0.8912
2026-04-03 15:26:51 | INFO | Epoch [90/100]
2026-04-03 15:26:51 | INFO | Train Loss: 0.4902 | Train Acc: 0.8017 | Val Loss: 0.8464 | Val Acc: 0.8860
2026-04-03 15:28:23 | INFO | Epoch [91/100]
2026-04-03 15:28:23 | INFO | Train Loss: 0.4665 | Train Acc: 0.8093 | Val Loss: 0.9984 | Val Acc: 0.8860
2026-04-03 15:29:54 | INFO | Epoch [92/100]
2026-04-03 15:29:54 | INFO | Train Loss: 0.4955 | Train Acc: 0.8008 | Val Loss: 0.9971 | Val Acc: 0.8860
2026-04-03 15:31:25 | INFO | Epoch [93/100]
2026-04-03 15:31:25 | INFO | Train Loss: 0.4966 | Train Acc: 0.7933 | Val Loss: 0.8737 | Val Acc: 0.8860
2026-04-03 15:32:57 | INFO | Epoch [94/100]
2026-04-03 15:32:57 | INFO | Train Loss: 0.4770 | Train Acc: 0.8128 | Val Loss: 0.8780 | Val Acc: 0.8860
2026-04-03 15:34:28 | INFO | Epoch [95/100]
2026-04-03 15:34:28 | INFO | Train Loss: 0.4852 | Train Acc: 0.8104 | Val Loss: 0.8434 | Val Acc: 0.8912
2026-04-03 15:36:01 | INFO | Epoch [96/100]
2026-04-03 15:36:01 | INFO | Train Loss: 0.5056 | Train Acc: 0.7953 | Val Loss: 0.8561 | Val Acc: 0.8860
2026-04-03 15:37:33 | INFO | Epoch [97/100]
2026-04-03 15:37:33 | INFO | Train Loss: 0.4857 | Train Acc: 0.8065 | Val Loss: 0.8738 | Val Acc: 0.8860
2026-04-03 15:39:05 | INFO | Epoch [98/100]
2026-04-03 15:39:05 | INFO | Train Loss: 0.5142 | Train Acc: 0.7909 | Val Loss: 0.8973 | Val Acc: 0.8860
2026-04-03 15:40:36 | INFO | Epoch [99/100]
2026-04-03 15:40:36 | INFO | Train Loss: 0.4856 | Train Acc: 0.7997 | Val Loss: 0.8910 | Val Acc: 0.8860
2026-04-03 15:42:07 | INFO | Epoch [100/100]
2026-04-03 15:42:07 | INFO | Train Loss: 0.4931 | Train Acc: 0.7950 | Val Loss: 0.8767 | Val Acc: 0.8860
2026-04-03 15:42:11 | INFO | --- TEST METRICS @ Epoch 100 ---
2026-04-03 15:42:11 | INFO | Acc@1: 0.8611
2026-04-03 15:42:11 | INFO | Acc@5: 0.9914
2026-04-03 15:42:11 | INFO | Precision: 0.8436
2026-04-03 15:42:11 | INFO | Recall: 0.7400
2026-04-03 15:42:11 | INFO | F1: 0.7848
2026-04-03 15:42:11 | INFO | Macro F1: 0.7848
2026-04-03 15:42:11 | INFO | ROC-AUC: 0.9463
2026-04-03 15:42:11 | INFO | ===== MODEL INFO =====
2026-04-03 15:42:11 | INFO | Model: convnext
2026-04-03 15:42:11 | INFO | GFLOPs: 15.37
2026-04-03 15:42:11 | INFO | Params (M): 88.07
