2026-04-03 07:35:08 | INFO | ===== TRAIN DATASET =====
2026-04-03 07:35:08 | INFO | Total samples: 10015
2026-04-03 07:35:08 | INFO | Class distribution:
2026-04-03 07:35:08 | INFO |   Class 0: 1113 samples (11.11%)
2026-04-03 07:35:08 | INFO |   Class 1: 6705 samples (66.95%)
2026-04-03 07:35:08 | INFO |   Class 2: 514 samples (5.13%)
2026-04-03 07:35:08 | INFO |   Class 3: 327 samples (3.27%)
2026-04-03 07:35:08 | INFO |   Class 4: 1099 samples (10.97%)
2026-04-03 07:35:08 | INFO |   Class 5: 115 samples (1.15%)
2026-04-03 07:35:08 | INFO |   Class 6: 142 samples (1.42%)
2026-04-03 07:35:08 | INFO | ===== VALIDATION DATASET =====
2026-04-03 07:35:08 | INFO | Total samples: 193
2026-04-03 07:35:08 | INFO | Class distribution:
2026-04-03 07:35:08 | INFO |   Class 0: 21 samples (10.88%)
2026-04-03 07:35:08 | INFO |   Class 1: 123 samples (63.73%)
2026-04-03 07:35:08 | INFO |   Class 2: 15 samples (7.77%)
2026-04-03 07:35:08 | INFO |   Class 3: 8 samples (4.15%)
2026-04-03 07:35:08 | INFO |   Class 4: 22 samples (11.40%)
2026-04-03 07:35:08 | INFO |   Class 5: 1 samples (0.52%)
2026-04-03 07:35:08 | INFO |   Class 6: 3 samples (1.55%)
2026-04-03 07:35:08 | INFO | ===== TEST DATASET =====
2026-04-03 07:35:08 | INFO | Total samples: 1512
2026-04-03 07:35:08 | INFO | Class distribution:
2026-04-03 07:35:08 | INFO |   Class 0: 171 samples (11.31%)
2026-04-03 07:35:08 | INFO |   Class 1: 909 samples (60.12%)
2026-04-03 07:35:08 | INFO |   Class 2: 93 samples (6.15%)
2026-04-03 07:35:08 | INFO |   Class 3: 43 samples (2.84%)
2026-04-03 07:35:08 | INFO |   Class 4: 217 samples (14.35%)
2026-04-03 07:35:08 | INFO |   Class 5: 44 samples (2.91%)
2026-04-03 07:35:08 | INFO |   Class 6: 35 samples (2.31%)
2026-04-03 07:35:36 | INFO | ===== TRAIN DATASET =====
2026-04-03 07:35:36 | INFO | Total samples: 10015
2026-04-03 07:35:36 | INFO | Class distribution:
2026-04-03 07:35:36 | INFO |   Class 0: 1113 samples (11.11%)
2026-04-03 07:35:36 | INFO |   Class 1: 6705 samples (66.95%)
2026-04-03 07:35:36 | INFO |   Class 2: 514 samples (5.13%)
2026-04-03 07:35:36 | INFO |   Class 3: 327 samples (3.27%)
2026-04-03 07:35:36 | INFO |   Class 4: 1099 samples (10.97%)
2026-04-03 07:35:36 | INFO |   Class 5: 115 samples (1.15%)
2026-04-03 07:35:36 | INFO |   Class 6: 142 samples (1.42%)
2026-04-03 07:35:36 | INFO | ===== VALIDATION DATASET =====
2026-04-03 07:35:36 | INFO | Total samples: 193
2026-04-03 07:35:36 | INFO | Class distribution:
2026-04-03 07:35:36 | INFO |   Class 0: 21 samples (10.88%)
2026-04-03 07:35:36 | INFO |   Class 1: 123 samples (63.73%)
2026-04-03 07:35:36 | INFO |   Class 2: 15 samples (7.77%)
2026-04-03 07:35:36 | INFO |   Class 3: 8 samples (4.15%)
2026-04-03 07:35:36 | INFO |   Class 4: 22 samples (11.40%)
2026-04-03 07:35:36 | INFO |   Class 5: 1 samples (0.52%)
2026-04-03 07:35:36 | INFO |   Class 6: 3 samples (1.55%)
2026-04-03 07:35:36 | INFO | ===== TEST DATASET =====
2026-04-03 07:35:36 | INFO | Total samples: 1512
2026-04-03 07:35:36 | INFO | Class distribution:
2026-04-03 07:35:36 | INFO |   Class 0: 171 samples (11.31%)
2026-04-03 07:35:36 | INFO |   Class 1: 909 samples (60.12%)
2026-04-03 07:35:36 | INFO |   Class 2: 93 samples (6.15%)
2026-04-03 07:35:36 | INFO |   Class 3: 43 samples (2.84%)
2026-04-03 07:35:36 | INFO |   Class 4: 217 samples (14.35%)
2026-04-03 07:35:36 | INFO |   Class 5: 44 samples (2.91%)
2026-04-03 07:35:36 | INFO |   Class 6: 35 samples (2.31%)
2026-04-03 07:37:14 | INFO | Epoch [1/100]
2026-04-03 07:37:14 | INFO | Train Loss: 0.5055 | Train Acc: 0.5772 | Val Loss: 1.1897 | Val Acc: 0.3834
2026-04-03 07:38:52 | INFO | Epoch [2/100]
2026-04-03 07:38:52 | INFO | Train Loss: 0.2216 | Train Acc: 0.7598 | Val Loss: 0.5879 | Val Acc: 0.5492
2026-04-03 07:40:28 | INFO | Epoch [3/100]
2026-04-03 07:40:28 | INFO | Train Loss: 0.1349 | Train Acc: 0.8174 | Val Loss: 1.5396 | Val Acc: 0.6995
2026-04-03 07:47:01 | INFO | ===== TRAIN DATASET =====
2026-04-03 07:47:01 | INFO | Total samples: 10015
2026-04-03 07:47:01 | INFO | Class distribution:
2026-04-03 07:47:01 | INFO |   Class 0: 1113 samples (11.11%)
2026-04-03 07:47:01 | INFO |   Class 1: 6705 samples (66.95%)
2026-04-03 07:47:01 | INFO |   Class 2: 514 samples (5.13%)
2026-04-03 07:47:01 | INFO |   Class 3: 327 samples (3.27%)
2026-04-03 07:47:01 | INFO |   Class 4: 1099 samples (10.97%)
2026-04-03 07:47:01 | INFO |   Class 5: 115 samples (1.15%)
2026-04-03 07:47:01 | INFO |   Class 6: 142 samples (1.42%)
2026-04-03 07:47:01 | INFO | ===== VALIDATION DATASET =====
2026-04-03 07:47:01 | INFO | Total samples: 193
2026-04-03 07:47:01 | INFO | Class distribution:
2026-04-03 07:47:01 | INFO |   Class 0: 21 samples (10.88%)
2026-04-03 07:47:01 | INFO |   Class 1: 123 samples (63.73%)
2026-04-03 07:47:01 | INFO |   Class 2: 15 samples (7.77%)
2026-04-03 07:47:01 | INFO |   Class 3: 8 samples (4.15%)
2026-04-03 07:47:01 | INFO |   Class 4: 22 samples (11.40%)
2026-04-03 07:47:01 | INFO |   Class 5: 1 samples (0.52%)
2026-04-03 07:47:01 | INFO |   Class 6: 3 samples (1.55%)
2026-04-03 07:47:01 | INFO | ===== TEST DATASET =====
2026-04-03 07:47:01 | INFO | Total samples: 1512
2026-04-03 07:47:01 | INFO | Class distribution:
2026-04-03 07:47:01 | INFO |   Class 0: 171 samples (11.31%)
2026-04-03 07:47:01 | INFO |   Class 1: 909 samples (60.12%)
2026-04-03 07:47:01 | INFO |   Class 2: 93 samples (6.15%)
2026-04-03 07:47:01 | INFO |   Class 3: 43 samples (2.84%)
2026-04-03 07:47:01 | INFO |   Class 4: 217 samples (14.35%)
2026-04-03 07:47:01 | INFO |   Class 5: 44 samples (2.91%)
2026-04-03 07:47:01 | INFO |   Class 6: 35 samples (2.31%)
2026-04-03 07:48:29 | INFO | ===== TRAIN DATASET =====
2026-04-03 07:48:29 | INFO | Total samples: 10015
2026-04-03 07:48:29 | INFO | Class distribution:
2026-04-03 07:48:29 | INFO |   Class 0: 1113 samples (11.11%)
2026-04-03 07:48:29 | INFO |   Class 1: 6705 samples (66.95%)
2026-04-03 07:48:29 | INFO |   Class 2: 514 samples (5.13%)
2026-04-03 07:48:29 | INFO |   Class 3: 327 samples (3.27%)
2026-04-03 07:48:29 | INFO |   Class 4: 1099 samples (10.97%)
2026-04-03 07:48:29 | INFO |   Class 5: 115 samples (1.15%)
2026-04-03 07:48:29 | INFO |   Class 6: 142 samples (1.42%)
2026-04-03 07:48:29 | INFO | ===== VALIDATION DATASET =====
2026-04-03 07:48:29 | INFO | Total samples: 193
2026-04-03 07:48:29 | INFO | Class distribution:
2026-04-03 07:48:29 | INFO |   Class 0: 21 samples (10.88%)
2026-04-03 07:48:29 | INFO |   Class 1: 123 samples (63.73%)
2026-04-03 07:48:29 | INFO |   Class 2: 15 samples (7.77%)
2026-04-03 07:48:29 | INFO |   Class 3: 8 samples (4.15%)
2026-04-03 07:48:29 | INFO |   Class 4: 22 samples (11.40%)
2026-04-03 07:48:29 | INFO |   Class 5: 1 samples (0.52%)
2026-04-03 07:48:29 | INFO |   Class 6: 3 samples (1.55%)
2026-04-03 07:48:29 | INFO | ===== TEST DATASET =====
2026-04-03 07:48:29 | INFO | Total samples: 1512
2026-04-03 07:48:29 | INFO | Class distribution:
2026-04-03 07:48:29 | INFO |   Class 0: 171 samples (11.31%)
2026-04-03 07:48:29 | INFO |   Class 1: 909 samples (60.12%)
2026-04-03 07:48:29 | INFO |   Class 2: 93 samples (6.15%)
2026-04-03 07:48:29 | INFO |   Class 3: 43 samples (2.84%)
2026-04-03 07:48:29 | INFO |   Class 4: 217 samples (14.35%)
2026-04-03 07:48:29 | INFO |   Class 5: 44 samples (2.91%)
2026-04-03 07:48:29 | INFO |   Class 6: 35 samples (2.31%)
2026-04-03 07:50:07 | INFO | Epoch [1/100]
2026-04-03 07:50:07 | INFO | Train Loss: 0.8564 | Train Acc: 0.6759 | Val Loss: 1.6945 | Val Acc: 0.7668
2026-04-03 07:51:45 | INFO | Epoch [2/100]
2026-04-03 07:51:45 | INFO | Train Loss: 0.4295 | Train Acc: 0.8405 | Val Loss: 1.0160 | Val Acc: 0.8290
2026-04-03 07:53:22 | INFO | Epoch [3/100]
2026-04-03 07:53:22 | INFO | Train Loss: 0.3132 | Train Acc: 0.8847 | Val Loss: 1.5965 | Val Acc: 0.8031
2026-04-03 07:54:58 | INFO | Epoch [4/100]
2026-04-03 07:54:58 | INFO | Train Loss: 0.2424 | Train Acc: 0.9081 | Val Loss: 1.2461 | Val Acc: 0.8290
2026-04-03 07:56:35 | INFO | Epoch [5/100]
2026-04-03 07:56:35 | INFO | Train Loss: 0.2080 | Train Acc: 0.9262 | Val Loss: 0.9880 | Val Acc: 0.8808
2026-04-03 07:58:11 | INFO | Epoch [6/100]
2026-04-03 07:58:11 | INFO | Train Loss: 0.1955 | Train Acc: 0.9291 | Val Loss: 1.8914 | Val Acc: 0.8756
2026-04-03 07:59:49 | INFO | Epoch [7/100]
2026-04-03 07:59:49 | INFO | Train Loss: 0.1567 | Train Acc: 0.9406 | Val Loss: 1.7609 | Val Acc: 0.8860
2026-04-03 08:01:26 | INFO | Epoch [8/100]
2026-04-03 08:01:26 | INFO | Train Loss: 0.1356 | Train Acc: 0.9496 | Val Loss: 1.7674 | Val Acc: 0.8705
2026-04-03 08:03:02 | INFO | Epoch [9/100]
2026-04-03 08:03:02 | INFO | Train Loss: 0.1328 | Train Acc: 0.9556 | Val Loss: 1.5497 | Val Acc: 0.8497
2026-04-03 08:04:40 | INFO | Epoch [10/100]
2026-04-03 08:04:40 | INFO | Train Loss: 0.1221 | Train Acc: 0.9561 | Val Loss: 1.7549 | Val Acc: 0.8446
2026-04-03 08:06:16 | INFO | Epoch [11/100]
2026-04-03 08:06:16 | INFO | Train Loss: 0.1125 | Train Acc: 0.9586 | Val Loss: 1.2235 | Val Acc: 0.8497
2026-04-03 08:07:52 | INFO | Epoch [12/100]
2026-04-03 08:07:52 | INFO | Train Loss: 0.0934 | Train Acc: 0.9677 | Val Loss: 0.8385 | Val Acc: 0.7824
2026-04-03 08:09:30 | INFO | Epoch [13/100]
2026-04-03 08:09:30 | INFO | Train Loss: 0.1043 | Train Acc: 0.9618 | Val Loss: 2.6896 | Val Acc: 0.8964
2026-04-03 08:11:07 | INFO | Epoch [14/100]
2026-04-03 08:11:07 | INFO | Train Loss: 0.0795 | Train Acc: 0.9720 | Val Loss: 2.8167 | Val Acc: 0.9016
2026-04-03 08:12:44 | INFO | Epoch [15/100]
2026-04-03 08:12:44 | INFO | Train Loss: 0.0770 | Train Acc: 0.9722 | Val Loss: 2.6900 | Val Acc: 0.8808
2026-04-03 08:14:22 | INFO | Epoch [16/100]
2026-04-03 08:14:22 | INFO | Train Loss: 0.0725 | Train Acc: 0.9738 | Val Loss: 1.8619 | Val Acc: 0.8705
2026-04-03 08:15:59 | INFO | Epoch [17/100]
2026-04-03 08:15:59 | INFO | Train Loss: 0.0690 | Train Acc: 0.9757 | Val Loss: 3.3174 | Val Acc: 0.8446
2026-04-03 08:17:35 | INFO | Epoch [18/100]
2026-04-03 08:17:35 | INFO | Train Loss: 0.0713 | Train Acc: 0.9746 | Val Loss: 3.0101 | Val Acc: 0.8756
2026-04-03 08:19:13 | INFO | Epoch [19/100]
2026-04-03 08:19:13 | INFO | Train Loss: 0.0739 | Train Acc: 0.9749 | Val Loss: 1.6017 | Val Acc: 0.8912
2026-04-03 08:20:50 | INFO | Epoch [20/100]
2026-04-03 08:20:50 | INFO | Train Loss: 0.0746 | Train Acc: 0.9737 | Val Loss: 3.7711 | Val Acc: 0.8705
2026-04-03 08:20:55 | INFO | --- TEST METRICS @ Epoch 20 ---
2026-04-03 08:20:55 | INFO | Acc@1: 0.8254
2026-04-03 08:20:55 | INFO | Acc@5: 0.9974
2026-04-03 08:20:55 | INFO | Precision: 0.7552
2026-04-03 08:20:55 | INFO | Recall: 0.7416
2026-04-03 08:20:55 | INFO | F1: 0.7445
2026-04-03 08:20:55 | INFO | Macro F1: 0.7445
2026-04-03 08:20:55 | INFO | ROC-AUC: 0.9630
2026-04-03 08:22:19 | INFO | Epoch [21/100]
2026-04-03 08:22:19 | INFO | Train Loss: 0.0591 | Train Acc: 0.9790 | Val Loss: 1.5758 | Val Acc: 0.8549
2026-04-03 08:23:06 | INFO | Epoch [22/100]
2026-04-03 08:23:06 | INFO | Train Loss: 0.0527 | Train Acc: 0.9817 | Val Loss: 1.8731 | Val Acc: 0.8860
2026-04-03 08:23:53 | INFO | Epoch [23/100]
2026-04-03 08:23:53 | INFO | Train Loss: 0.0533 | Train Acc: 0.9816 | Val Loss: 2.5717 | Val Acc: 0.8756
2026-04-03 08:24:39 | INFO | Epoch [24/100]
2026-04-03 08:24:39 | INFO | Train Loss: 0.0552 | Train Acc: 0.9808 | Val Loss: 2.0499 | Val Acc: 0.8860
2026-04-03 08:25:26 | INFO | Epoch [25/100]
2026-04-03 08:25:26 | INFO | Train Loss: 0.0413 | Train Acc: 0.9859 | Val Loss: 3.3040 | Val Acc: 0.8705
2026-04-03 08:26:12 | INFO | Epoch [26/100]
2026-04-03 08:26:12 | INFO | Train Loss: 0.0446 | Train Acc: 0.9846 | Val Loss: 3.1016 | Val Acc: 0.8808
2026-04-03 08:26:58 | INFO | Epoch [27/100]
2026-04-03 08:26:58 | INFO | Train Loss: 0.0484 | Train Acc: 0.9831 | Val Loss: 3.0587 | Val Acc: 0.8549
2026-04-03 08:27:45 | INFO | Epoch [28/100]
2026-04-03 08:27:45 | INFO | Train Loss: 0.0461 | Train Acc: 0.9839 | Val Loss: 3.7501 | Val Acc: 0.8860
2026-04-03 08:28:31 | INFO | Epoch [29/100]
2026-04-03 08:28:31 | INFO | Train Loss: 0.0364 | Train Acc: 0.9860 | Val Loss: 3.5817 | Val Acc: 0.9067
2026-04-03 08:29:18 | INFO | Epoch [30/100]
2026-04-03 08:29:18 | INFO | Train Loss: 0.0382 | Train Acc: 0.9868 | Val Loss: 4.2250 | Val Acc: 0.8756
2026-04-03 08:30:04 | INFO | Epoch [31/100]
2026-04-03 08:30:04 | INFO | Train Loss: 0.0313 | Train Acc: 0.9904 | Val Loss: 2.8479 | Val Acc: 0.8808
2026-04-03 08:30:51 | INFO | Epoch [32/100]
2026-04-03 08:30:51 | INFO | Train Loss: 0.0415 | Train Acc: 0.9871 | Val Loss: 2.0127 | Val Acc: 0.8808
2026-04-03 08:31:38 | INFO | Epoch [33/100]
2026-04-03 08:31:38 | INFO | Train Loss: 0.0369 | Train Acc: 0.9889 | Val Loss: 3.5132 | Val Acc: 0.8808
