2026-05-06 11:56:01 | INFO | ===== TRAIN DATASET =====
2026-05-06 11:56:01 | INFO | Total samples: 10015
2026-05-06 11:56:01 | INFO | Class distribution:
2026-05-06 11:56:01 | INFO |   Class 0: 1113 samples (11.11%)
2026-05-06 11:56:01 | INFO |   Class 1: 6705 samples (66.95%)
2026-05-06 11:56:01 | INFO |   Class 2: 514 samples (5.13%)
2026-05-06 11:56:01 | INFO |   Class 3: 327 samples (3.27%)
2026-05-06 11:56:01 | INFO |   Class 4: 1099 samples (10.97%)
2026-05-06 11:56:01 | INFO |   Class 5: 115 samples (1.15%)
2026-05-06 11:56:01 | INFO |   Class 6: 142 samples (1.42%)
2026-05-06 11:56:01 | INFO | ===== VALIDATION DATASET =====
2026-05-06 11:56:01 | INFO | Total samples: 193
2026-05-06 11:56:01 | INFO | Class distribution:
2026-05-06 11:56:01 | INFO |   Class 0: 21 samples (10.88%)
2026-05-06 11:56:01 | INFO |   Class 1: 123 samples (63.73%)
2026-05-06 11:56:01 | INFO |   Class 2: 15 samples (7.77%)
2026-05-06 11:56:01 | INFO |   Class 3: 8 samples (4.15%)
2026-05-06 11:56:01 | INFO |   Class 4: 22 samples (11.40%)
2026-05-06 11:56:01 | INFO |   Class 5: 1 samples (0.52%)
2026-05-06 11:56:01 | INFO |   Class 6: 3 samples (1.55%)
2026-05-06 11:56:01 | INFO | ===== TEST DATASET =====
2026-05-06 11:56:01 | INFO | Total samples: 1512
2026-05-06 11:56:01 | INFO | Class distribution:
2026-05-06 11:56:01 | INFO |   Class 0: 171 samples (11.31%)
2026-05-06 11:56:01 | INFO |   Class 1: 909 samples (60.12%)
2026-05-06 11:56:01 | INFO |   Class 2: 93 samples (6.15%)
2026-05-06 11:56:01 | INFO |   Class 3: 43 samples (2.84%)
2026-05-06 11:56:01 | INFO |   Class 4: 217 samples (14.35%)
2026-05-06 11:56:01 | INFO |   Class 5: 44 samples (2.91%)
2026-05-06 11:56:01 | INFO |   Class 6: 35 samples (2.31%)
2026-05-06 11:58:42 | INFO | Epoch [1/100]
2026-05-06 11:58:42 | INFO | Train Loss: 4.6589 | Train Acc: 0.3247 | Val Loss: 0.8696 | Val Acc: 0.6788
2026-05-06 12:01:19 | INFO | Epoch [2/100]
2026-05-06 12:01:19 | INFO | Train Loss: 1.4320 | Train Acc: 0.4198 | Val Loss: 0.8781 | Val Acc: 0.6425
2026-05-06 12:03:56 | INFO | Epoch [3/100]
2026-05-06 12:03:56 | INFO | Train Loss: 1.6410 | Train Acc: 0.4713 | Val Loss: 0.5914 | Val Acc: 0.7150
2026-05-06 12:06:33 | INFO | Epoch [4/100]
2026-05-06 12:06:33 | INFO | Train Loss: 1.0450 | Train Acc: 0.5097 | Val Loss: 1.1881 | Val Acc: 0.4611
2026-05-06 12:09:11 | INFO | Epoch [5/100]
2026-05-06 12:09:11 | INFO | Train Loss: 0.9453 | Train Acc: 0.5423 | Val Loss: 0.6046 | Val Acc: 0.6684
