2026-05-06 09:09:34 | INFO | ===== TRAIN DATASET =====
2026-05-06 09:09:34 | INFO | Total samples: 10015
2026-05-06 09:09:34 | INFO | Class distribution:
2026-05-06 09:09:34 | INFO |   Class 0: 1113 samples (11.11%)
2026-05-06 09:09:34 | INFO |   Class 1: 6705 samples (66.95%)
2026-05-06 09:09:34 | INFO |   Class 2: 514 samples (5.13%)
2026-05-06 09:09:34 | INFO |   Class 3: 327 samples (3.27%)
2026-05-06 09:09:34 | INFO |   Class 4: 1099 samples (10.97%)
2026-05-06 09:09:34 | INFO |   Class 5: 115 samples (1.15%)
2026-05-06 09:09:34 | INFO |   Class 6: 142 samples (1.42%)
2026-05-06 09:09:34 | INFO | ===== VALIDATION DATASET =====
2026-05-06 09:09:34 | INFO | Total samples: 193
2026-05-06 09:09:34 | INFO | Class distribution:
2026-05-06 09:09:34 | INFO |   Class 0: 21 samples (10.88%)
2026-05-06 09:09:34 | INFO |   Class 1: 123 samples (63.73%)
2026-05-06 09:09:34 | INFO |   Class 2: 15 samples (7.77%)
2026-05-06 09:09:34 | INFO |   Class 3: 8 samples (4.15%)
2026-05-06 09:09:34 | INFO |   Class 4: 22 samples (11.40%)
2026-05-06 09:09:34 | INFO |   Class 5: 1 samples (0.52%)
2026-05-06 09:09:34 | INFO |   Class 6: 3 samples (1.55%)
2026-05-06 09:09:34 | INFO | ===== TEST DATASET =====
2026-05-06 09:09:34 | INFO | Total samples: 1512
2026-05-06 09:09:34 | INFO | Class distribution:
2026-05-06 09:09:34 | INFO |   Class 0: 171 samples (11.31%)
2026-05-06 09:09:34 | INFO |   Class 1: 909 samples (60.12%)
2026-05-06 09:09:34 | INFO |   Class 2: 93 samples (6.15%)
2026-05-06 09:09:34 | INFO |   Class 3: 43 samples (2.84%)
2026-05-06 09:09:34 | INFO |   Class 4: 217 samples (14.35%)
2026-05-06 09:09:34 | INFO |   Class 5: 44 samples (2.91%)
2026-05-06 09:09:34 | INFO |   Class 6: 35 samples (2.31%)
2026-05-06 09:11:24 | INFO | Epoch [1/100]
2026-05-06 09:11:24 | INFO | Train Loss: 0.8781 | Train Acc: 0.5028 | Val Loss: 0.4337 | Val Acc: 0.6839
2026-05-06 09:13:14 | INFO | Epoch [2/100]
2026-05-06 09:13:14 | INFO | Train Loss: 0.6610 | Train Acc: 0.6202 | Val Loss: 0.3006 | Val Acc: 0.8083
2026-05-06 09:15:04 | INFO | Epoch [3/100]
2026-05-06 09:15:04 | INFO | Train Loss: 0.6075 | Train Acc: 0.6405 | Val Loss: 0.3187 | Val Acc: 0.8083
2026-05-06 09:16:54 | INFO | Epoch [4/100]
2026-05-06 09:16:54 | INFO | Train Loss: 0.5711 | Train Acc: 0.6559 | Val Loss: 0.4019 | Val Acc: 0.7772
2026-05-06 09:18:43 | INFO | Epoch [5/100]
2026-05-06 09:18:43 | INFO | Train Loss: 0.5204 | Train Acc: 0.6856 | Val Loss: 0.3300 | Val Acc: 0.7202
2026-05-06 09:20:33 | INFO | Epoch [6/100]
2026-05-06 09:20:33 | INFO | Train Loss: 0.5080 | Train Acc: 0.6896 | Val Loss: 0.3499 | Val Acc: 0.7617
2026-05-06 09:22:23 | INFO | Epoch [7/100]
2026-05-06 09:22:23 | INFO | Train Loss: 0.4886 | Train Acc: 0.6991 | Val Loss: 0.2295 | Val Acc: 0.7927
2026-05-06 09:24:13 | INFO | Epoch [8/100]
2026-05-06 09:24:13 | INFO | Train Loss: 0.4641 | Train Acc: 0.7119 | Val Loss: 0.1857 | Val Acc: 0.8601
2026-05-06 09:26:03 | INFO | Epoch [9/100]
2026-05-06 09:26:03 | INFO | Train Loss: 0.4635 | Train Acc: 0.7092 | Val Loss: 0.3271 | Val Acc: 0.7720
2026-05-06 09:27:52 | INFO | Epoch [10/100]
2026-05-06 09:27:52 | INFO | Train Loss: 0.4656 | Train Acc: 0.7092 | Val Loss: 0.2217 | Val Acc: 0.7927
2026-05-06 09:29:41 | INFO | Epoch [11/100]
2026-05-06 09:29:41 | INFO | Train Loss: 0.4282 | Train Acc: 0.7339 | Val Loss: 0.2582 | Val Acc: 0.7617
2026-05-06 09:31:31 | INFO | Epoch [12/100]
2026-05-06 09:31:31 | INFO | Train Loss: 0.4326 | Train Acc: 0.7226 | Val Loss: 0.2929 | Val Acc: 0.7047
2026-05-06 09:33:21 | INFO | Epoch [13/100]
2026-05-06 09:33:21 | INFO | Train Loss: 0.4428 | Train Acc: 0.7169 | Val Loss: 0.2318 | Val Acc: 0.7668
2026-05-06 09:35:10 | INFO | Epoch [14/100]
2026-05-06 09:35:10 | INFO | Train Loss: 0.4079 | Train Acc: 0.7390 | Val Loss: 0.2660 | Val Acc: 0.8031
2026-05-06 09:37:00 | INFO | Epoch [15/100]
2026-05-06 09:37:00 | INFO | Train Loss: 0.4104 | Train Acc: 0.7352 | Val Loss: 0.2227 | Val Acc: 0.8394
2026-05-06 09:38:49 | INFO | Epoch [16/100]
2026-05-06 09:38:49 | INFO | Train Loss: 0.3864 | Train Acc: 0.7481 | Val Loss: 0.2107 | Val Acc: 0.8342
2026-05-06 09:40:39 | INFO | Epoch [17/100]
2026-05-06 09:40:39 | INFO | Train Loss: 0.4051 | Train Acc: 0.7307 | Val Loss: 0.2900 | Val Acc: 0.7876
2026-05-06 09:42:28 | INFO | Epoch [18/100]
2026-05-06 09:42:28 | INFO | Train Loss: 0.3642 | Train Acc: 0.7481 | Val Loss: 0.2245 | Val Acc: 0.8083
2026-05-06 09:44:18 | INFO | Epoch [19/100]
2026-05-06 09:44:18 | INFO | Train Loss: 0.3635 | Train Acc: 0.7633 | Val Loss: 0.2250 | Val Acc: 0.8342
2026-05-06 09:46:07 | INFO | Epoch [20/100]
2026-05-06 09:46:07 | INFO | Train Loss: 0.3912 | Train Acc: 0.7468 | Val Loss: 0.2683 | Val Acc: 0.8135
2026-05-06 09:46:12 | INFO | --- TEST METRICS @ Epoch 20 ---
2026-05-06 09:46:12 | INFO | Acc@1: 0.7526
2026-05-06 09:46:12 | INFO | Acc@5: 0.9888
2026-05-06 09:46:12 | INFO | Precision: 0.6785
2026-05-06 09:46:12 | INFO | Recall: 0.6612
2026-05-06 09:46:12 | INFO | F1: 0.6635
2026-05-06 09:46:12 | INFO | Macro F1: 0.6635
2026-05-06 09:46:12 | INFO | ROC-AUC: 0.9224
2026-05-06 09:48:02 | INFO | Epoch [21/100]
2026-05-06 09:48:02 | INFO | Train Loss: 0.3789 | Train Acc: 0.7545 | Val Loss: 0.2591 | Val Acc: 0.8342
2026-05-06 09:49:51 | INFO | Epoch [22/100]
2026-05-06 09:49:51 | INFO | Train Loss: 0.3510 | Train Acc: 0.7637 | Val Loss: 0.2090 | Val Acc: 0.8601
2026-05-06 09:51:41 | INFO | Epoch [23/100]
2026-05-06 09:51:41 | INFO | Train Loss: 0.3543 | Train Acc: 0.7585 | Val Loss: 0.2022 | Val Acc: 0.8446
2026-05-06 09:53:30 | INFO | Epoch [24/100]
2026-05-06 09:53:30 | INFO | Train Loss: 0.3457 | Train Acc: 0.7626 | Val Loss: 0.3971 | Val Acc: 0.7824
2026-05-06 09:55:20 | INFO | Epoch [25/100]
2026-05-06 09:55:20 | INFO | Train Loss: 0.3538 | Train Acc: 0.7518 | Val Loss: 0.1951 | Val Acc: 0.8238
2026-05-06 09:57:10 | INFO | Epoch [26/100]
2026-05-06 09:57:10 | INFO | Train Loss: 0.3356 | Train Acc: 0.7605 | Val Loss: 0.2686 | Val Acc: 0.8187
2026-05-06 09:58:59 | INFO | Epoch [27/100]
2026-05-06 09:58:59 | INFO | Train Loss: 0.3487 | Train Acc: 0.7531 | Val Loss: 0.3052 | Val Acc: 0.7824
2026-05-06 10:00:49 | INFO | Epoch [28/100]
2026-05-06 10:00:49 | INFO | Train Loss: 0.3333 | Train Acc: 0.7715 | Val Loss: 0.2187 | Val Acc: 0.8290
2026-05-06 10:02:39 | INFO | Epoch [29/100]
2026-05-06 10:02:39 | INFO | Train Loss: 0.3191 | Train Acc: 0.7720 | Val Loss: 0.1882 | Val Acc: 0.8342
2026-05-06 10:04:28 | INFO | Epoch [30/100]
2026-05-06 10:04:28 | INFO | Train Loss: 0.3260 | Train Acc: 0.7717 | Val Loss: 0.2116 | Val Acc: 0.8083
2026-05-06 10:06:18 | INFO | Epoch [31/100]
2026-05-06 10:06:18 | INFO | Train Loss: 0.3363 | Train Acc: 0.7622 | Val Loss: 0.2667 | Val Acc: 0.7772
2026-05-06 10:08:08 | INFO | Epoch [32/100]
2026-05-06 10:08:08 | INFO | Train Loss: 0.3160 | Train Acc: 0.7793 | Val Loss: 0.1706 | Val Acc: 0.8756
2026-05-06 10:09:57 | INFO | Epoch [33/100]
2026-05-06 10:09:57 | INFO | Train Loss: 0.3207 | Train Acc: 0.7664 | Val Loss: 0.1870 | Val Acc: 0.8497
2026-05-06 10:11:46 | INFO | Epoch [34/100]
2026-05-06 10:11:46 | INFO | Train Loss: 0.3218 | Train Acc: 0.7775 | Val Loss: 0.2096 | Val Acc: 0.8601
2026-05-06 10:13:36 | INFO | Epoch [35/100]
2026-05-06 10:13:36 | INFO | Train Loss: 0.3020 | Train Acc: 0.7736 | Val Loss: 0.2334 | Val Acc: 0.8446


2026-05-06 10:34:57 | INFO | ===== TRAIN DATASET =====
2026-05-06 10:34:57 | INFO | Total samples: 10015
2026-05-06 10:34:57 | INFO | Class distribution:
2026-05-06 10:34:57 | INFO |   Class 0: 1113 samples (11.11%)
2026-05-06 10:34:57 | INFO |   Class 1: 6705 samples (66.95%)
2026-05-06 10:34:57 | INFO |   Class 2: 514 samples (5.13%)
2026-05-06 10:34:57 | INFO |   Class 3: 327 samples (3.27%)
2026-05-06 10:34:57 | INFO |   Class 4: 1099 samples (10.97%)
2026-05-06 10:34:57 | INFO |   Class 5: 115 samples (1.15%)
2026-05-06 10:34:57 | INFO |   Class 6: 142 samples (1.42%)
2026-05-06 10:34:57 | INFO | ===== VALIDATION DATASET =====
2026-05-06 10:34:57 | INFO | Total samples: 193
2026-05-06 10:34:57 | INFO | Class distribution:
2026-05-06 10:34:57 | INFO |   Class 0: 21 samples (10.88%)
2026-05-06 10:34:57 | INFO |   Class 1: 123 samples (63.73%)
2026-05-06 10:34:57 | INFO |   Class 2: 15 samples (7.77%)
2026-05-06 10:34:57 | INFO |   Class 3: 8 samples (4.15%)
2026-05-06 10:34:57 | INFO |   Class 4: 22 samples (11.40%)
2026-05-06 10:34:57 | INFO |   Class 5: 1 samples (0.52%)
2026-05-06 10:34:57 | INFO |   Class 6: 3 samples (1.55%)
2026-05-06 10:34:57 | INFO | ===== TEST DATASET =====
2026-05-06 10:34:57 | INFO | Total samples: 1512
2026-05-06 10:34:57 | INFO | Class distribution:
2026-05-06 10:34:57 | INFO |   Class 0: 171 samples (11.31%)
2026-05-06 10:34:57 | INFO |   Class 1: 909 samples (60.12%)
2026-05-06 10:34:57 | INFO |   Class 2: 93 samples (6.15%)
2026-05-06 10:34:57 | INFO |   Class 3: 43 samples (2.84%)
2026-05-06 10:34:57 | INFO |   Class 4: 217 samples (14.35%)
2026-05-06 10:34:57 | INFO |   Class 5: 44 samples (2.91%)
2026-05-06 10:34:57 | INFO |   Class 6: 35 samples (2.31%)
2026-05-06 10:37:05 | INFO | Epoch [1/100]
2026-05-06 10:37:05 | INFO | Train Loss: 0.8749 | Train Acc: 0.5049 | Val Loss: 0.4025 | Val Acc: 0.7202
2026-05-06 10:39:12 | INFO | Epoch [2/100]
2026-05-06 10:39:12 | INFO | Train Loss: 0.6566 | Train Acc: 0.6324 | Val Loss: 0.3184 | Val Acc: 0.7876
2026-05-06 10:41:19 | INFO | Epoch [3/100]
2026-05-06 10:41:19 | INFO | Train Loss: 0.5897 | Train Acc: 0.6549 | Val Loss: 0.2915 | Val Acc: 0.7876
2026-05-06 10:43:27 | INFO | Epoch [4/100]
2026-05-06 10:43:27 | INFO | Train Loss: 0.5653 | Train Acc: 0.6650 | Val Loss: 0.3477 | Val Acc: 0.7306
2026-05-06 10:45:34 | INFO | Epoch [5/100]
2026-05-06 10:45:34 | INFO | Train Loss: 0.5283 | Train Acc: 0.6784 | Val Loss: 0.5819 | Val Acc: 0.7202
2026-05-06 10:47:41 | INFO | Epoch [6/100]
2026-05-06 10:47:41 | INFO | Train Loss: 0.4948 | Train Acc: 0.7017 | Val Loss: 0.4144 | Val Acc: 0.6839
2026-05-06 10:49:48 | INFO | Epoch [7/100]
2026-05-06 10:49:48 | INFO | Train Loss: 0.4841 | Train Acc: 0.7040 | Val Loss: 0.3702 | Val Acc: 0.8031
2026-05-06 10:51:55 | INFO | Epoch [8/100]
2026-05-06 10:51:55 | INFO | Train Loss: 0.4650 | Train Acc: 0.7083 | Val Loss: 0.5158 | Val Acc: 0.7617
2026-05-06 10:54:03 | INFO | Epoch [9/100]
2026-05-06 10:54:03 | INFO | Train Loss: 0.4517 | Train Acc: 0.7209 | Val Loss: 0.3269 | Val Acc: 0.7150
2026-05-06 10:56:10 | INFO | Epoch [10/100]
2026-05-06 10:56:10 | INFO | Train Loss: 0.4228 | Train Acc: 0.7353 | Val Loss: 0.1890 | Val Acc: 0.8446
2026-05-06 10:56:17 | INFO | --- TEST METRICS @ Epoch 10 ---
2026-05-06 10:56:17 | INFO | Acc@1: 0.7917
2026-05-06 10:56:17 | INFO | Acc@5: 0.9888
2026-05-06 10:56:17 | INFO | Precision: 0.6963
2026-05-06 10:56:17 | INFO | Recall: 0.6593
2026-05-06 10:56:17 | INFO | F1: 0.6721
2026-05-06 10:56:17 | INFO | Macro F1: 0.6721
2026-05-06 10:56:17 | INFO | ROC-AUC: 0.9418
2026-05-06 10:58:24 | INFO | Epoch [11/100]
2026-05-06 10:58:24 | INFO | Train Loss: 0.4405 | Train Acc: 0.7262 | Val Loss: 0.2722 | Val Acc: 0.7979
2026-05-06 11:00:32 | INFO | Epoch [12/100]
2026-05-06 11:00:32 | INFO | Train Loss: 0.4114 | Train Acc: 0.7362 | Val Loss: 0.3209 | Val Acc: 0.7461
2026-05-06 11:02:39 | INFO | Epoch [13/100]
2026-05-06 11:02:39 | INFO | Train Loss: 0.4195 | Train Acc: 0.7309 | Val Loss: 0.2564 | Val Acc: 0.8031
2026-05-06 11:04:47 | INFO | Epoch [14/100]
2026-05-06 11:04:47 | INFO | Train Loss: 0.4030 | Train Acc: 0.7388 | Val Loss: 0.2459 | Val Acc: 0.7824
2026-05-06 11:06:54 | INFO | Epoch [15/100]
2026-05-06 11:06:54 | INFO | Train Loss: 0.4207 | Train Acc: 0.7279 | Val Loss: 0.3679 | Val Acc: 0.8083
2026-05-06 11:09:02 | INFO | Epoch [16/100]
2026-05-06 11:09:02 | INFO | Train Loss: 0.4085 | Train Acc: 0.7390 | Val Loss: 0.6341 | Val Acc: 0.7202
2026-05-06 11:11:10 | INFO | Epoch [17/100]
2026-05-06 11:11:10 | INFO | Train Loss: 0.4181 | Train Acc: 0.7241 | Val Loss: 0.2217 | Val Acc: 0.8083
2026-05-06 11:13:17 | INFO | Epoch [18/100]
2026-05-06 11:13:17 | INFO | Train Loss: 0.4071 | Train Acc: 0.7270 | Val Loss: 0.2455 | Val Acc: 0.8135
2026-05-06 11:15:25 | INFO | Epoch [19/100]
2026-05-06 11:15:25 | INFO | Train Loss: 0.3709 | Train Acc: 0.7497 | Val Loss: 0.2358 | Val Acc: 0.8238
2026-05-06 11:17:32 | INFO | Epoch [20/100]
2026-05-06 11:17:32 | INFO | Train Loss: 0.3621 | Train Acc: 0.7556 | Val Loss: 0.2212 | Val Acc: 0.8497
2026-05-06 11:17:39 | INFO | --- TEST METRICS @ Epoch 20 ---
2026-05-06 11:17:39 | INFO | Acc@1: 0.7712
2026-05-06 11:17:39 | INFO | Acc@5: 0.9921
2026-05-06 11:17:39 | INFO | Precision: 0.6667
2026-05-06 11:17:39 | INFO | Recall: 0.6714
2026-05-06 11:17:39 | INFO | F1: 0.6602
2026-05-06 11:17:39 | INFO | Macro F1: 0.6602
2026-05-06 11:17:39 | INFO | ROC-AUC: 0.9343
2026-05-06 11:19:46 | INFO | Epoch [21/100]
2026-05-06 11:19:46 | INFO | Train Loss: 0.3652 | Train Acc: 0.7451 | Val Loss: 0.1764 | Val Acc: 0.8446
2026-05-06 11:21:54 | INFO | Epoch [22/100]
2026-05-06 11:21:54 | INFO | Train Loss: 0.3714 | Train Acc: 0.7495 | Val Loss: 0.2513 | Val Acc: 0.7979
2026-05-06 11:24:02 | INFO | Epoch [23/100]
2026-05-06 11:24:02 | INFO | Train Loss: 0.3375 | Train Acc: 0.7607 | Val Loss: 0.2725 | Val Acc: 0.7720
2026-05-06 11:26:09 | INFO | Epoch [24/100]
2026-05-06 11:26:09 | INFO | Train Loss: 0.3523 | Train Acc: 0.7517 | Val Loss: 0.2484 | Val Acc: 0.8031
2026-05-06 11:28:17 | INFO | Epoch [25/100]
2026-05-06 11:28:17 | INFO | Train Loss: 0.3416 | Train Acc: 0.7584 | Val Loss: 0.2076 | Val Acc: 0.8497
2026-05-06 11:30:24 | INFO | Epoch [26/100]
2026-05-06 11:30:24 | INFO | Train Loss: 0.3513 | Train Acc: 0.7675 | Val Loss: 0.2970 | Val Acc: 0.8083
2026-05-06 11:32:31 | INFO | Epoch [27/100]
2026-05-06 11:32:31 | INFO | Train Loss: 0.3475 | Train Acc: 0.7508 | Val Loss: 0.2288 | Val Acc: 0.8187
2026-05-06 11:34:38 | INFO | Epoch [28/100]
2026-05-06 11:34:38 | INFO | Train Loss: 0.3285 | Train Acc: 0.7757 | Val Loss: 0.2539 | Val Acc: 0.7927
2026-05-06 11:36:45 | INFO | Epoch [29/100]
2026-05-06 11:36:45 | INFO | Train Loss: 0.3431 | Train Acc: 0.7599 | Val Loss: 0.2542 | Val Acc: 0.8238
2026-05-06 11:38:52 | INFO | Epoch [30/100]
2026-05-06 11:38:52 | INFO | Train Loss: 0.3263 | Train Acc: 0.7662 | Val Loss: 0.3003 | Val Acc: 0.7979
2026-05-06 11:38:59 | INFO | --- TEST METRICS @ Epoch 30 ---
2026-05-06 11:38:59 | INFO | Acc@1: 0.7308
2026-05-06 11:38:59 | INFO | Acc@5: 0.9848
2026-05-06 11:38:59 | INFO | Precision: 0.6791
2026-05-06 11:38:59 | INFO | Recall: 0.6554
2026-05-06 11:38:59 | INFO | F1: 0.6374
2026-05-06 11:38:59 | INFO | Macro F1: 0.6374
2026-05-06 11:38:59 | INFO | ROC-AUC: 0.9288
2026-05-06 11:41:06 | INFO | Epoch [31/100]
2026-05-06 11:41:06 | INFO | Train Loss: 0.3264 | Train Acc: 0.7701 | Val Loss: 0.2287 | Val Acc: 0.8342
2026-05-06 11:43:14 | INFO | Epoch [32/100]
2026-05-06 11:43:14 | INFO | Train Loss: 0.3301 | Train Acc: 0.7657 | Val Loss: 0.3703 | Val Acc: 0.8342
