2026-05-06 03:01:50 | INFO | ===== TRAIN DATASET =====
2026-05-06 03:01:50 | INFO | Total samples: 10015
2026-05-06 03:01:50 | INFO | Class distribution:
2026-05-06 03:01:50 | INFO |   Class 0: 1113 samples (11.11%)
2026-05-06 03:01:50 | INFO |   Class 1: 6705 samples (66.95%)
2026-05-06 03:01:50 | INFO |   Class 2: 514 samples (5.13%)
2026-05-06 03:01:50 | INFO |   Class 3: 327 samples (3.27%)
2026-05-06 03:01:50 | INFO |   Class 4: 1099 samples (10.97%)
2026-05-06 03:01:50 | INFO |   Class 5: 115 samples (1.15%)
2026-05-06 03:01:50 | INFO |   Class 6: 142 samples (1.42%)
2026-05-06 03:01:50 | INFO | ===== VALIDATION DATASET =====
2026-05-06 03:01:50 | INFO | Total samples: 193
2026-05-06 03:01:50 | INFO | Class distribution:
2026-05-06 03:01:50 | INFO |   Class 0: 21 samples (10.88%)
2026-05-06 03:01:50 | INFO |   Class 1: 123 samples (63.73%)
2026-05-06 03:01:50 | INFO |   Class 2: 15 samples (7.77%)
2026-05-06 03:01:50 | INFO |   Class 3: 8 samples (4.15%)
2026-05-06 03:01:50 | INFO |   Class 4: 22 samples (11.40%)
2026-05-06 03:01:50 | INFO |   Class 5: 1 samples (0.52%)
2026-05-06 03:01:50 | INFO |   Class 6: 3 samples (1.55%)
2026-05-06 03:01:50 | INFO | ===== TEST DATASET =====
2026-05-06 03:01:50 | INFO | Total samples: 1512
2026-05-06 03:01:50 | INFO | Class distribution:
2026-05-06 03:01:50 | INFO |   Class 0: 171 samples (11.31%)
2026-05-06 03:01:50 | INFO |   Class 1: 909 samples (60.12%)
2026-05-06 03:01:50 | INFO |   Class 2: 93 samples (6.15%)
2026-05-06 03:01:50 | INFO |   Class 3: 43 samples (2.84%)
2026-05-06 03:01:50 | INFO |   Class 4: 217 samples (14.35%)
2026-05-06 03:01:50 | INFO |   Class 5: 44 samples (2.91%)
2026-05-06 03:01:50 | INFO |   Class 6: 35 samples (2.31%)
2026-05-06 03:04:16 | INFO | Epoch [1/100]
2026-05-06 03:04:16 | INFO | Train Loss: 1.0345 | Train Acc: 0.3885 | Val Loss: 0.9463 | Val Acc: 0.5181
2026-05-06 03:06:43 | INFO | Epoch [2/100]
2026-05-06 03:06:43 | INFO | Train Loss: 0.6950 | Train Acc: 0.5478 | Val Loss: 0.6523 | Val Acc: 0.6010
2026-05-06 03:09:09 | INFO | Epoch [3/100]
2026-05-06 03:09:09 | INFO | Train Loss: 0.5960 | Train Acc: 0.6031 | Val Loss: 0.4749 | Val Acc: 0.6736
2026-05-06 03:11:35 | INFO | Epoch [4/100]
2026-05-06 03:11:35 | INFO | Train Loss: 0.5305 | Train Acc: 0.6377 | Val Loss: 0.4631 | Val Acc: 0.7098
2026-05-06 03:14:01 | INFO | Epoch [5/100]
2026-05-06 03:14:01 | INFO | Train Loss: 0.4778 | Train Acc: 0.6526 | Val Loss: 0.6536 | Val Acc: 0.5803
2026-05-06 03:16:28 | INFO | Epoch [6/100]
2026-05-06 03:16:28 | INFO | Train Loss: 0.4446 | Train Acc: 0.6753 | Val Loss: 0.4559 | Val Acc: 0.7047
2026-05-06 03:18:54 | INFO | Epoch [7/100]
2026-05-06 03:18:54 | INFO | Train Loss: 0.3871 | Train Acc: 0.7041 | Val Loss: 0.5025 | Val Acc: 0.6580
2026-05-06 03:21:20 | INFO | Epoch [8/100]
2026-05-06 03:21:20 | INFO | Train Loss: 0.3599 | Train Acc: 0.7290 | Val Loss: 0.4489 | Val Acc: 0.6269
2026-05-06 03:23:47 | INFO | Epoch [9/100]
2026-05-06 03:23:47 | INFO | Train Loss: 0.3360 | Train Acc: 0.7369 | Val Loss: 0.3490 | Val Acc: 0.7202
2026-05-06 03:26:13 | INFO | Epoch [10/100]
2026-05-06 03:26:13 | INFO | Train Loss: 0.3150 | Train Acc: 0.7464 | Val Loss: 0.3602 | Val Acc: 0.7047
2026-05-06 03:28:39 | INFO | Epoch [11/100]
2026-05-06 03:28:39 | INFO | Train Loss: 0.2919 | Train Acc: 0.7638 | Val Loss: 0.4147 | Val Acc: 0.6788
2026-05-06 03:31:05 | INFO | Epoch [12/100]
2026-05-06 03:31:05 | INFO | Train Loss: 0.2711 | Train Acc: 0.7725 | Val Loss: 0.3864 | Val Acc: 0.7565
2026-05-06 03:33:32 | INFO | Epoch [13/100]
2026-05-06 03:33:32 | INFO | Train Loss: 0.2709 | Train Acc: 0.7819 | Val Loss: 0.4047 | Val Acc: 0.6788
2026-05-06 03:35:58 | INFO | Epoch [14/100]
2026-05-06 03:35:58 | INFO | Train Loss: 0.2491 | Train Acc: 0.7963 | Val Loss: 0.3476 | Val Acc: 0.7202
2026-05-06 03:38:24 | INFO | Epoch [15/100]
2026-05-06 03:38:24 | INFO | Train Loss: 0.2368 | Train Acc: 0.7995 | Val Loss: 0.3142 | Val Acc: 0.7513
2026-05-06 03:40:51 | INFO | Epoch [16/100]
2026-05-06 03:40:51 | INFO | Train Loss: 0.2053 | Train Acc: 0.8204 | Val Loss: 0.4132 | Val Acc: 0.6839
2026-05-06 03:43:17 | INFO | Epoch [17/100]
2026-05-06 03:43:17 | INFO | Train Loss: 0.2117 | Train Acc: 0.8187 | Val Loss: 0.3944 | Val Acc: 0.6891
2026-05-06 03:45:43 | INFO | Epoch [18/100]
2026-05-06 03:45:43 | INFO | Train Loss: 0.1858 | Train Acc: 0.8337 | Val Loss: 0.3333 | Val Acc: 0.7409
2026-05-06 03:48:09 | INFO | Epoch [19/100]
2026-05-06 03:48:09 | INFO | Train Loss: 0.1799 | Train Acc: 0.8419 | Val Loss: 0.2893 | Val Acc: 0.7772
2026-05-06 03:50:36 | INFO | Epoch [20/100]
2026-05-06 03:50:36 | INFO | Train Loss: 0.1809 | Train Acc: 0.8398 | Val Loss: 0.3432 | Val Acc: 0.7150
2026-05-06 03:50:42 | INFO | --- TEST METRICS @ Epoch 20 ---
2026-05-06 03:50:42 | INFO | Acc@1: 0.5906
2026-05-06 03:50:42 | INFO | Acc@5: 0.9888
2026-05-06 03:50:42 | INFO | Precision: 0.4811
2026-05-06 03:50:42 | INFO | Recall: 0.5126
2026-05-06 03:50:42 | INFO | F1: 0.4755
2026-05-06 03:50:42 | INFO | Macro F1: 0.4755
2026-05-06 03:50:42 | INFO | ROC-AUC: 0.8848
2026-05-06 03:53:08 | INFO | Epoch [21/100]
2026-05-06 03:53:08 | INFO | Train Loss: 0.1574 | Train Acc: 0.8597 | Val Loss: 0.3793 | Val Acc: 0.7306
2026-05-06 03:55:34 | INFO | Epoch [22/100]
2026-05-06 03:55:34 | INFO | Train Loss: 0.1524 | Train Acc: 0.8643 | Val Loss: 0.5167 | Val Acc: 0.6684
2026-05-06 03:58:00 | INFO | Epoch [23/100]
2026-05-06 03:58:00 | INFO | Train Loss: 0.1448 | Train Acc: 0.8680 | Val Loss: 0.4468 | Val Acc: 0.7358
2026-05-06 04:00:27 | INFO | Epoch [24/100]
2026-05-06 04:00:27 | INFO | Train Loss: 0.1289 | Train Acc: 0.8805 | Val Loss: 0.3302 | Val Acc: 0.7513
2026-05-06 04:02:53 | INFO | Epoch [25/100]
2026-05-06 04:02:53 | INFO | Train Loss: 0.1370 | Train Acc: 0.8729 | Val Loss: 0.4028 | Val Acc: 0.7306
2026-05-06 04:05:19 | INFO | Epoch [26/100]
2026-05-06 04:05:19 | INFO | Train Loss: 0.1222 | Train Acc: 0.8808 | Val Loss: 0.3590 | Val Acc: 0.7150
2026-05-06 04:07:45 | INFO | Epoch [27/100]
2026-05-06 04:07:45 | INFO | Train Loss: 0.1181 | Train Acc: 0.8885 | Val Loss: 0.3293 | Val Acc: 0.7876
2026-05-06 04:10:12 | INFO | Epoch [28/100]
2026-05-06 04:10:12 | INFO | Train Loss: 0.1031 | Train Acc: 0.9013 | Val Loss: 0.3855 | Val Acc: 0.7306
2026-05-06 04:12:38 | INFO | Epoch [29/100]
2026-05-06 04:12:38 | INFO | Train Loss: 0.1034 | Train Acc: 0.9016 | Val Loss: 0.3613 | Val Acc: 0.7617
2026-05-06 04:15:04 | INFO | Epoch [30/100]
2026-05-06 04:15:04 | INFO | Train Loss: 0.0952 | Train Acc: 0.9069 | Val Loss: 0.3968 | Val Acc: 0.7565
2026-05-06 04:17:30 | INFO | Epoch [31/100]
2026-05-06 04:17:30 | INFO | Train Loss: 0.0880 | Train Acc: 0.9129 | Val Loss: 0.3726 | Val Acc: 0.7772
2026-05-06 04:19:57 | INFO | Epoch [32/100]
2026-05-06 04:19:57 | INFO | Train Loss: 0.0821 | Train Acc: 0.9190 | Val Loss: 0.3343 | Val Acc: 0.7927
2026-05-06 04:22:23 | INFO | Epoch [33/100]
2026-05-06 04:22:23 | INFO | Train Loss: 0.0751 | Train Acc: 0.9232 | Val Loss: 0.3890 | Val Acc: 0.7617
2026-05-06 04:24:49 | INFO | Epoch [34/100]
2026-05-06 04:24:49 | INFO | Train Loss: 0.0854 | Train Acc: 0.9150 | Val Loss: 0.2946 | Val Acc: 0.7824
2026-05-06 04:27:15 | INFO | Epoch [35/100]
2026-05-06 04:27:15 | INFO | Train Loss: 0.0638 | Train Acc: 0.9340 | Val Loss: 0.2990 | Val Acc: 0.7513
2026-05-06 04:29:42 | INFO | Epoch [36/100]
2026-05-06 04:29:42 | INFO | Train Loss: 0.0612 | Train Acc: 0.9362 | Val Loss: 0.3292 | Val Acc: 0.7513
2026-05-06 04:32:08 | INFO | Epoch [37/100]
2026-05-06 04:32:08 | INFO | Train Loss: 0.0723 | Train Acc: 0.9289 | Val Loss: 0.3648 | Val Acc: 0.7824
2026-05-06 04:34:34 | INFO | Epoch [38/100]
2026-05-06 04:34:34 | INFO | Train Loss: 0.0574 | Train Acc: 0.9402 | Val Loss: 0.2779 | Val Acc: 0.7927
2026-05-06 04:37:00 | INFO | Epoch [39/100]
2026-05-06 04:37:00 | INFO | Train Loss: 0.0645 | Train Acc: 0.9381 | Val Loss: 0.3354 | Val Acc: 0.7824
2026-05-06 04:39:27 | INFO | Epoch [40/100]
2026-05-06 04:39:27 | INFO | Train Loss: 0.0512 | Train Acc: 0.9433 | Val Loss: 0.3450 | Val Acc: 0.7979
2026-05-06 04:39:33 | INFO | --- TEST METRICS @ Epoch 40 ---
2026-05-06 04:39:33 | INFO | Acc@1: 0.6713
2026-05-06 04:39:33 | INFO | Acc@5: 0.9874
2026-05-06 04:39:33 | INFO | Precision: 0.5016
2026-05-06 04:39:33 | INFO | Recall: 0.5002
2026-05-06 04:39:33 | INFO | F1: 0.4889
2026-05-06 04:39:33 | INFO | Macro F1: 0.4889
2026-05-06 04:39:33 | INFO | ROC-AUC: 0.8841
2026-05-06 04:41:59 | INFO | Epoch [41/100]
2026-05-06 04:41:59 | INFO | Train Loss: 0.0495 | Train Acc: 0.9503 | Val Loss: 0.3596 | Val Acc: 0.7824
2026-05-06 04:44:25 | INFO | Epoch [42/100]
2026-05-06 04:44:25 | INFO | Train Loss: 0.0439 | Train Acc: 0.9529 | Val Loss: 0.4259 | Val Acc: 0.7824
2026-05-06 04:46:51 | INFO | Epoch [43/100]
2026-05-06 04:46:51 | INFO | Train Loss: 0.0480 | Train Acc: 0.9527 | Val Loss: 0.3384 | Val Acc: 0.7409
2026-05-06 04:49:18 | INFO | Epoch [44/100]
2026-05-06 04:49:18 | INFO | Train Loss: 0.0483 | Train Acc: 0.9483 | Val Loss: 0.4253 | Val Acc: 0.7461
2026-05-06 04:51:44 | INFO | Epoch [45/100]
2026-05-06 04:51:44 | INFO | Train Loss: 0.0448 | Train Acc: 0.9526 | Val Loss: 0.4802 | Val Acc: 0.6995
2026-05-06 04:54:10 | INFO | Epoch [46/100]
2026-05-06 04:54:10 | INFO | Train Loss: 0.0377 | Train Acc: 0.9610 | Val Loss: 0.4618 | Val Acc: 0.7358
2026-05-06 04:56:36 | INFO | Epoch [47/100]
2026-05-06 04:56:36 | INFO | Train Loss: 0.0353 | Train Acc: 0.9590 | Val Loss: 0.3990 | Val Acc: 0.7617
2026-05-06 04:59:02 | INFO | Epoch [48/100]
2026-05-06 04:59:02 | INFO | Train Loss: 0.0387 | Train Acc: 0.9584 | Val Loss: 0.3969 | Val Acc: 0.7876
2026-05-06 05:01:29 | INFO | Epoch [49/100]
2026-05-06 05:01:29 | INFO | Train Loss: 0.0340 | Train Acc: 0.9636 | Val Loss: 0.4104 | Val Acc: 0.7461
2026-05-06 05:03:55 | INFO | Epoch [50/100]
2026-05-06 05:03:55 | INFO | Train Loss: 0.0335 | Train Acc: 0.9624 | Val Loss: 0.3835 | Val Acc: 0.7720
2026-05-06 05:06:21 | INFO | Epoch [51/100]
2026-05-06 05:06:21 | INFO | Train Loss: 0.0337 | Train Acc: 0.9642 | Val Loss: 0.4031 | Val Acc: 0.7617
2026-05-06 05:08:48 | INFO | Epoch [52/100]
2026-05-06 05:08:48 | INFO | Train Loss: 0.0318 | Train Acc: 0.9676 | Val Loss: 0.4327 | Val Acc: 0.7513
2026-05-06 05:11:14 | INFO | Epoch [53/100]
2026-05-06 05:11:14 | INFO | Train Loss: 0.0260 | Train Acc: 0.9699 | Val Loss: 0.3789 | Val Acc: 0.8135
2026-05-06 05:13:40 | INFO | Epoch [54/100]
2026-05-06 05:13:40 | INFO | Train Loss: 0.0228 | Train Acc: 0.9728 | Val Loss: 0.4040 | Val Acc: 0.7927
2026-05-06 05:16:06 | INFO | Epoch [55/100]
2026-05-06 05:16:06 | INFO | Train Loss: 0.0266 | Train Acc: 0.9707 | Val Loss: 0.4301 | Val Acc: 0.7772
2026-05-06 05:18:32 | INFO | Epoch [56/100]
2026-05-06 05:18:32 | INFO | Train Loss: 0.0209 | Train Acc: 0.9754 | Val Loss: 0.4066 | Val Acc: 0.7876
2026-05-06 05:20:59 | INFO | Epoch [57/100]
2026-05-06 05:20:59 | INFO | Train Loss: 0.0205 | Train Acc: 0.9768 | Val Loss: 0.4841 | Val Acc: 0.7461
2026-05-06 05:23:25 | INFO | Epoch [58/100]
2026-05-06 05:23:25 | INFO | Train Loss: 0.0199 | Train Acc: 0.9768 | Val Loss: 0.4425 | Val Acc: 0.7824
2026-05-06 05:25:51 | INFO | Epoch [59/100]
2026-05-06 05:25:51 | INFO | Train Loss: 0.0185 | Train Acc: 0.9789 | Val Loss: 0.5486 | Val Acc: 0.7824
2026-05-06 05:28:17 | INFO | Epoch [60/100]
2026-05-06 05:28:17 | INFO | Train Loss: 0.0130 | Train Acc: 0.9844 | Val Loss: 0.4890 | Val Acc: 0.7876
2026-05-06 05:28:23 | INFO | --- TEST METRICS @ Epoch 60 ---
2026-05-06 05:28:23 | INFO | Acc@1: 0.7024
2026-05-06 05:28:23 | INFO | Acc@5: 0.9835
2026-05-06 05:28:23 | INFO | Precision: 0.5890
2026-05-06 05:28:23 | INFO | Recall: 0.4987
2026-05-06 05:28:23 | INFO | F1: 0.5241
2026-05-06 05:28:23 | INFO | Macro F1: 0.5241
2026-05-06 05:28:23 | INFO | ROC-AUC: 0.8913
2026-05-06 05:30:50 | INFO | Epoch [61/100]
2026-05-06 05:30:50 | INFO | Train Loss: 0.0181 | Train Acc: 0.9814 | Val Loss: 0.5894 | Val Acc: 0.7668
2026-05-06 05:33:16 | INFO | Epoch [62/100]
2026-05-06 05:33:16 | INFO | Train Loss: 0.0169 | Train Acc: 0.9804 | Val Loss: 0.5181 | Val Acc: 0.7772
2026-05-06 05:35:42 | INFO | Epoch [63/100]
2026-05-06 05:35:42 | INFO | Train Loss: 0.0133 | Train Acc: 0.9841 | Val Loss: 0.4851 | Val Acc: 0.7565
2026-05-06 05:38:08 | INFO | Epoch [64/100]
2026-05-06 05:38:08 | INFO | Train Loss: 0.0132 | Train Acc: 0.9842 | Val Loss: 0.4821 | Val Acc: 0.7668
2026-05-06 05:40:35 | INFO | Epoch [65/100]
2026-05-06 05:40:35 | INFO | Train Loss: 0.0133 | Train Acc: 0.9835 | Val Loss: 0.5233 | Val Acc: 0.7461
2026-05-06 05:43:01 | INFO | Epoch [66/100]
2026-05-06 05:43:01 | INFO | Train Loss: 0.0130 | Train Acc: 0.9856 | Val Loss: 0.5814 | Val Acc: 0.7772
2026-05-06 05:45:27 | INFO | Epoch [67/100]
2026-05-06 05:45:27 | INFO | Train Loss: 0.0100 | Train Acc: 0.9874 | Val Loss: 0.5801 | Val Acc: 0.7668
2026-05-06 05:47:53 | INFO | Epoch [68/100]
2026-05-06 05:47:53 | INFO | Train Loss: 0.0082 | Train Acc: 0.9911 | Val Loss: 0.5344 | Val Acc: 0.7720
2026-05-06 05:50:19 | INFO | Epoch [69/100]
2026-05-06 05:50:19 | INFO | Train Loss: 0.0089 | Train Acc: 0.9892 | Val Loss: 0.4929 | Val Acc: 0.7876
2026-05-06 05:52:46 | INFO | Epoch [70/100]
2026-05-06 05:52:46 | INFO | Train Loss: 0.0079 | Train Acc: 0.9918 | Val Loss: 0.4836 | Val Acc: 0.8031
2026-05-06 05:55:12 | INFO | Epoch [71/100]
2026-05-06 05:55:12 | INFO | Train Loss: 0.0081 | Train Acc: 0.9896 | Val Loss: 0.5038 | Val Acc: 0.7772
2026-05-06 05:57:38 | INFO | Epoch [72/100]
2026-05-06 05:57:38 | INFO | Train Loss: 0.0071 | Train Acc: 0.9924 | Val Loss: 0.4896 | Val Acc: 0.7617
2026-05-06 06:00:05 | INFO | Epoch [73/100]
2026-05-06 06:00:05 | INFO | Train Loss: 0.0093 | Train Acc: 0.9899 | Val Loss: 0.5236 | Val Acc: 0.7617
2026-05-06 06:02:31 | INFO | Epoch [74/100]
2026-05-06 06:02:31 | INFO | Train Loss: 0.0045 | Train Acc: 0.9948 | Val Loss: 0.4573 | Val Acc: 0.7927
2026-05-06 06:04:57 | INFO | Epoch [75/100]
2026-05-06 06:04:57 | INFO | Train Loss: 0.0073 | Train Acc: 0.9917 | Val Loss: 0.5097 | Val Acc: 0.7617
2026-05-06 06:07:23 | INFO | Epoch [76/100]
2026-05-06 06:07:23 | INFO | Train Loss: 0.0042 | Train Acc: 0.9954 | Val Loss: 0.4795 | Val Acc: 0.7979
2026-05-06 06:09:50 | INFO | Epoch [77/100]
2026-05-06 06:09:50 | INFO | Train Loss: 0.0052 | Train Acc: 0.9941 | Val Loss: 0.4605 | Val Acc: 0.7720
2026-05-06 06:12:16 | INFO | Epoch [78/100]
2026-05-06 06:12:16 | INFO | Train Loss: 0.0044 | Train Acc: 0.9953 | Val Loss: 0.5189 | Val Acc: 0.7772
2026-05-06 06:14:42 | INFO | Epoch [79/100]
2026-05-06 06:14:42 | INFO | Train Loss: 0.0032 | Train Acc: 0.9968 | Val Loss: 0.5710 | Val Acc: 0.7513
2026-05-06 06:17:08 | INFO | Epoch [80/100]
2026-05-06 06:17:08 | INFO | Train Loss: 0.0027 | Train Acc: 0.9970 | Val Loss: 0.4977 | Val Acc: 0.7824
2026-05-06 06:17:14 | INFO | --- TEST METRICS @ Epoch 80 ---
2026-05-06 06:17:14 | INFO | Acc@1: 0.7130
2026-05-06 06:17:14 | INFO | Acc@5: 0.9828
2026-05-06 06:17:14 | INFO | Precision: 0.6140
2026-05-06 06:17:14 | INFO | Recall: 0.4987
2026-05-06 06:17:14 | INFO | F1: 0.5352
2026-05-06 06:17:14 | INFO | Macro F1: 0.5352
2026-05-06 06:17:14 | INFO | ROC-AUC: 0.8893
2026-05-06 06:19:40 | INFO | Epoch [81/100]
2026-05-06 06:19:40 | INFO | Train Loss: 0.0050 | Train Acc: 0.9943 | Val Loss: 0.5221 | Val Acc: 0.7720
2026-05-06 06:22:07 | INFO | Epoch [82/100]
2026-05-06 06:22:07 | INFO | Train Loss: 0.0031 | Train Acc: 0.9962 | Val Loss: 0.4941 | Val Acc: 0.7824
2026-05-06 06:24:33 | INFO | Epoch [83/100]
2026-05-06 06:24:33 | INFO | Train Loss: 0.0027 | Train Acc: 0.9974 | Val Loss: 0.5087 | Val Acc: 0.7824
2026-05-06 06:26:59 | INFO | Epoch [84/100]
2026-05-06 06:26:59 | INFO | Train Loss: 0.0018 | Train Acc: 0.9981 | Val Loss: 0.5320 | Val Acc: 0.7772
2026-05-06 06:29:26 | INFO | Epoch [85/100]
2026-05-06 06:29:26 | INFO | Train Loss: 0.0025 | Train Acc: 0.9967 | Val Loss: 0.5015 | Val Acc: 0.7824
2026-05-06 06:31:52 | INFO | Epoch [86/100]
2026-05-06 06:31:52 | INFO | Train Loss: 0.0027 | Train Acc: 0.9976 | Val Loss: 0.5319 | Val Acc: 0.8083
2026-05-06 06:34:18 | INFO | Epoch [87/100]
2026-05-06 06:34:18 | INFO | Train Loss: 0.0022 | Train Acc: 0.9981 | Val Loss: 0.5529 | Val Acc: 0.7772
2026-05-06 06:36:45 | INFO | Epoch [88/100]
2026-05-06 06:36:45 | INFO | Train Loss: 0.0021 | Train Acc: 0.9981 | Val Loss: 0.5291 | Val Acc: 0.7720
2026-05-06 06:39:11 | INFO | Epoch [89/100]
2026-05-06 06:39:11 | INFO | Train Loss: 0.0024 | Train Acc: 0.9968 | Val Loss: 0.5580 | Val Acc: 0.7668
2026-05-06 06:41:38 | INFO | Epoch [90/100]
2026-05-06 06:41:38 | INFO | Train Loss: 0.0024 | Train Acc: 0.9976 | Val Loss: 0.5516 | Val Acc: 0.7876
2026-05-06 06:44:04 | INFO | Epoch [91/100]
2026-05-06 06:44:04 | INFO | Train Loss: 0.0016 | Train Acc: 0.9983 | Val Loss: 0.5394 | Val Acc: 0.7876
2026-05-06 06:46:30 | INFO | Epoch [92/100]
2026-05-06 06:46:30 | INFO | Train Loss: 0.0019 | Train Acc: 0.9980 | Val Loss: 0.5617 | Val Acc: 0.7772
2026-05-06 06:48:57 | INFO | Epoch [93/100]
2026-05-06 06:48:57 | INFO | Train Loss: 0.0012 | Train Acc: 0.9987 | Val Loss: 0.5543 | Val Acc: 0.7824
2026-05-06 06:51:23 | INFO | Epoch [94/100]
2026-05-06 06:51:23 | INFO | Train Loss: 0.0012 | Train Acc: 0.9989 | Val Loss: 0.5574 | Val Acc: 0.7824
2026-05-06 06:53:49 | INFO | Epoch [95/100]
2026-05-06 06:53:49 | INFO | Train Loss: 0.0016 | Train Acc: 0.9981 | Val Loss: 0.5568 | Val Acc: 0.7720
2026-05-06 06:56:16 | INFO | Epoch [96/100]
2026-05-06 06:56:16 | INFO | Train Loss: 0.0011 | Train Acc: 0.9988 | Val Loss: 0.5648 | Val Acc: 0.7772
2026-05-06 06:58:42 | INFO | Epoch [97/100]
2026-05-06 06:58:42 | INFO | Train Loss: 0.0012 | Train Acc: 0.9990 | Val Loss: 0.5685 | Val Acc: 0.7772
2026-05-06 07:01:09 | INFO | Epoch [98/100]
2026-05-06 07:01:09 | INFO | Train Loss: 0.0013 | Train Acc: 0.9983 | Val Loss: 0.5516 | Val Acc: 0.7824
2026-05-06 07:03:36 | INFO | Epoch [99/100]
2026-05-06 07:03:36 | INFO | Train Loss: 0.0008 | Train Acc: 0.9993 | Val Loss: 0.5505 | Val Acc: 0.7876
2026-05-06 07:06:02 | INFO | Epoch [100/100]
2026-05-06 07:06:02 | INFO | Train Loss: 0.0010 | Train Acc: 0.9991 | Val Loss: 0.5531 | Val Acc: 0.7772
2026-05-06 07:06:09 | INFO | --- TEST METRICS @ Epoch 100 ---
2026-05-06 07:06:09 | INFO | Acc@1: 0.7189
2026-05-06 07:06:09 | INFO | Acc@5: 0.9815
2026-05-06 07:06:09 | INFO | Precision: 0.6101
2026-05-06 07:06:09 | INFO | Recall: 0.4807
2026-05-06 07:06:09 | INFO | F1: 0.5256
2026-05-06 07:06:09 | INFO | Macro F1: 0.5256
2026-05-06 07:06:09 | INFO | ROC-AUC: 0.8896
2026-05-06 07:06:09 | INFO | Total Train Time: 14658.77s
2026-05-06 07:06:09 | INFO | ===== MODEL INFO =====
2026-05-06 07:06:09 | INFO | Model: vitb16_resattn
2026-05-06 07:06:09 | INFO | GFLOPs: 11.30
2026-05-06 07:06:09 | INFO | Params (M): 86.61




2026-05-06 07:52:10 | INFO | ===== TRAIN DATASET =====
2026-05-06 07:52:10 | INFO | Total samples: 10015
2026-05-06 07:52:10 | INFO | Class distribution:
2026-05-06 07:52:10 | INFO |   Class 0: 1113 samples (11.11%)
2026-05-06 07:52:10 | INFO |   Class 1: 6705 samples (66.95%)
2026-05-06 07:52:10 | INFO |   Class 2: 514 samples (5.13%)
2026-05-06 07:52:10 | INFO |   Class 3: 327 samples (3.27%)
2026-05-06 07:52:10 | INFO |   Class 4: 1099 samples (10.97%)
2026-05-06 07:52:10 | INFO |   Class 5: 115 samples (1.15%)
2026-05-06 07:52:10 | INFO |   Class 6: 142 samples (1.42%)
2026-05-06 07:52:10 | INFO | ===== VALIDATION DATASET =====
2026-05-06 07:52:10 | INFO | Total samples: 193
2026-05-06 07:52:10 | INFO | Class distribution:
2026-05-06 07:52:10 | INFO |   Class 0: 21 samples (10.88%)
2026-05-06 07:52:10 | INFO |   Class 1: 123 samples (63.73%)
2026-05-06 07:52:10 | INFO |   Class 2: 15 samples (7.77%)
2026-05-06 07:52:10 | INFO |   Class 3: 8 samples (4.15%)
2026-05-06 07:52:10 | INFO |   Class 4: 22 samples (11.40%)
2026-05-06 07:52:10 | INFO |   Class 5: 1 samples (0.52%)
2026-05-06 07:52:10 | INFO |   Class 6: 3 samples (1.55%)
2026-05-06 07:52:10 | INFO | ===== TEST DATASET =====
2026-05-06 07:52:10 | INFO | Total samples: 1512
2026-05-06 07:52:10 | INFO | Class distribution:
2026-05-06 07:52:10 | INFO |   Class 0: 171 samples (11.31%)
2026-05-06 07:52:10 | INFO |   Class 1: 909 samples (60.12%)
2026-05-06 07:52:10 | INFO |   Class 2: 93 samples (6.15%)
2026-05-06 07:52:10 | INFO |   Class 3: 43 samples (2.84%)
2026-05-06 07:52:10 | INFO |   Class 4: 217 samples (14.35%)
2026-05-06 07:52:10 | INFO |   Class 5: 44 samples (2.91%)
2026-05-06 07:52:10 | INFO |   Class 6: 35 samples (2.31%)
2026-05-06 07:54:00 | INFO | Epoch [1/100]
2026-05-06 07:54:00 | INFO | Train Loss: 0.5618 | Train Acc: 0.6403 | Val Loss: 0.3191 | Val Acc: 0.7358
2026-05-06 07:55:50 | INFO | Epoch [2/100]
2026-05-06 07:55:50 | INFO | Train Loss: 0.2695 | Train Acc: 0.7895 | Val Loss: 0.2864 | Val Acc: 0.8135
2026-05-06 07:57:40 | INFO | Epoch [3/100]
2026-05-06 07:57:40 | INFO | Train Loss: 0.1950 | Train Acc: 0.8385 | Val Loss: 0.2963 | Val Acc: 0.7617
2026-05-06 07:59:29 | INFO | Epoch [4/100]
2026-05-06 07:59:29 | INFO | Train Loss: 0.1647 | Train Acc: 0.8573 | Val Loss: 0.3070 | Val Acc: 0.8031
2026-05-06 08:01:20 | INFO | Epoch [5/100]
2026-05-06 08:01:20 | INFO | Train Loss: 0.1298 | Train Acc: 0.8821 | Val Loss: 0.3127 | Val Acc: 0.7668
2026-05-06 08:03:09 | INFO | Epoch [6/100]
2026-05-06 08:03:09 | INFO | Train Loss: 0.1166 | Train Acc: 0.8936 | Val Loss: 0.3106 | Val Acc: 0.6943
2026-05-06 08:04:59 | INFO | Epoch [7/100]
2026-05-06 08:04:59 | INFO | Train Loss: 0.1011 | Train Acc: 0.9046 | Val Loss: 0.3023 | Val Acc: 0.7409
2026-05-06 08:06:49 | INFO | Epoch [8/100]
2026-05-06 08:06:49 | INFO | Train Loss: 0.0941 | Train Acc: 0.9105 | Val Loss: 0.2702 | Val Acc: 0.7979
2026-05-06 08:08:39 | INFO | Epoch [9/100]
2026-05-06 08:08:39 | INFO | Train Loss: 0.0823 | Train Acc: 0.9199 | Val Loss: 0.2557 | Val Acc: 0.7772
2026-05-06 08:10:29 | INFO | Epoch [10/100]
2026-05-06 08:10:29 | INFO | Train Loss: 0.0871 | Train Acc: 0.9175 | Val Loss: 0.2347 | Val Acc: 0.8031
2026-05-06 08:12:19 | INFO | Epoch [11/100]
2026-05-06 08:12:19 | INFO | Train Loss: 0.0611 | Train Acc: 0.9368 | Val Loss: 0.2732 | Val Acc: 0.8135
2026-05-06 08:14:08 | INFO | Epoch [12/100]
2026-05-06 08:14:08 | INFO | Train Loss: 0.0685 | Train Acc: 0.9338 | Val Loss: 0.2977 | Val Acc: 0.7565
2026-05-06 08:15:58 | INFO | Epoch [13/100]
2026-05-06 08:15:58 | INFO | Train Loss: 0.0676 | Train Acc: 0.9339 | Val Loss: 0.2128 | Val Acc: 0.8290
2026-05-06 08:17:48 | INFO | Epoch [14/100]
2026-05-06 08:17:48 | INFO | Train Loss: 0.0639 | Train Acc: 0.9356 | Val Loss: 0.4799 | Val Acc: 0.6891
2026-05-06 08:19:38 | INFO | Epoch [15/100]
2026-05-06 08:19:38 | INFO | Train Loss: 0.0599 | Train Acc: 0.9409 | Val Loss: 0.3259 | Val Acc: 0.7617
2026-05-06 08:21:28 | INFO | Epoch [16/100]
2026-05-06 08:21:28 | INFO | Train Loss: 0.0491 | Train Acc: 0.9510 | Val Loss: 0.2226 | Val Acc: 0.8238
2026-05-06 08:23:18 | INFO | Epoch [17/100]
2026-05-06 08:23:18 | INFO | Train Loss: 0.0467 | Train Acc: 0.9509 | Val Loss: 0.3605 | Val Acc: 0.6788
2026-05-06 08:25:08 | INFO | Epoch [18/100]
2026-05-06 08:25:08 | INFO | Train Loss: 0.0525 | Train Acc: 0.9483 | Val Loss: 0.2651 | Val Acc: 0.8187
2026-05-06 08:26:58 | INFO | Epoch [19/100]
2026-05-06 08:26:58 | INFO | Train Loss: 0.0436 | Train Acc: 0.9527 | Val Loss: 0.3665 | Val Acc: 0.7720
2026-05-06 08:28:48 | INFO | Epoch [20/100]
2026-05-06 08:28:48 | INFO | Train Loss: 0.0454 | Train Acc: 0.9543 | Val Loss: 0.2585 | Val Acc: 0.7513
2026-05-06 08:28:53 | INFO | --- TEST METRICS @ Epoch 20 ---
2026-05-06 08:28:53 | INFO | Acc@1: 0.7130
2026-05-06 08:28:53 | INFO | Acc@5: 0.9914
2026-05-06 08:28:53 | INFO | Precision: 0.6546
2026-05-06 08:28:53 | INFO | Recall: 0.6089
2026-05-06 08:28:53 | INFO | F1: 0.6135
2026-05-06 08:28:53 | INFO | Macro F1: 0.6135
2026-05-06 08:28:53 | INFO | ROC-AUC: 0.9338
2026-05-06 08:30:43 | INFO | Epoch [21/100]
2026-05-06 08:30:43 | INFO | Train Loss: 0.0353 | Train Acc: 0.9623 | Val Loss: 0.3111 | Val Acc: 0.7876
2026-05-06 08:32:33 | INFO | Epoch [22/100]
2026-05-06 08:32:33 | INFO | Train Loss: 0.0329 | Train Acc: 0.9653 | Val Loss: 0.2978 | Val Acc: 0.7617
2026-05-06 08:34:23 | INFO | Epoch [23/100]
2026-05-06 08:34:23 | INFO | Train Loss: 0.0410 | Train Acc: 0.9586 | Val Loss: 0.2957 | Val Acc: 0.7358
2026-05-06 08:36:13 | INFO | Epoch [24/100]
2026-05-06 08:36:13 | INFO | Train Loss: 0.0393 | Train Acc: 0.9610 | Val Loss: 0.2524 | Val Acc: 0.7979
2026-05-06 08:38:03 | INFO | Epoch [25/100]
2026-05-06 08:38:03 | INFO | Train Loss: 0.0366 | Train Acc: 0.9632 | Val Loss: 0.2524 | Val Acc: 0.7824
2026-05-06 08:39:52 | INFO | Epoch [26/100]
2026-05-06 08:39:52 | INFO | Train Loss: 0.0301 | Train Acc: 0.9661 | Val Loss: 0.2624 | Val Acc: 0.8238
2026-05-06 08:41:42 | INFO | Epoch [27/100]
2026-05-06 08:41:42 | INFO | Train Loss: 0.0288 | Train Acc: 0.9697 | Val Loss: 0.3153 | Val Acc: 0.7720
2026-05-06 08:43:32 | INFO | Epoch [28/100]
2026-05-06 08:43:32 | INFO | Train Loss: 0.0321 | Train Acc: 0.9669 | Val Loss: 0.2618 | Val Acc: 0.7772
2026-05-06 08:45:22 | INFO | Epoch [29/100]
2026-05-06 08:45:22 | INFO | Train Loss: 0.0306 | Train Acc: 0.9689 | Val Loss: 0.2811 | Val Acc: 0.7720
2026-05-06 08:47:12 | INFO | Epoch [30/100]
2026-05-06 08:47:12 | INFO | Train Loss: 0.0176 | Train Acc: 0.9802 | Val Loss: 0.2715 | Val Acc: 0.8394
2026-05-06 08:49:02 | INFO | Epoch [31/100]
2026-05-06 08:49:02 | INFO | Train Loss: 0.0201 | Train Acc: 0.9804 | Val Loss: 0.2853 | Val Acc: 0.8187
2026-05-06 08:50:52 | INFO | Epoch [32/100]
2026-05-06 08:50:52 | INFO | Train Loss: 0.0213 | Train Acc: 0.9769 | Val Loss: 0.2751 | Val Acc: 0.8290
2026-05-06 08:52:42 | INFO | Epoch [33/100]
2026-05-06 08:52:42 | INFO | Train Loss: 0.0306 | Train Acc: 0.9688 | Val Loss: 0.3567 | Val Acc: 0.7617
2026-05-06 08:54:32 | INFO | Epoch [34/100]
2026-05-06 08:54:32 | INFO | Train Loss: 0.0255 | Train Acc: 0.9755 | Val Loss: 0.2875 | Val Acc: 0.7876
2026-05-06 08:56:21 | INFO | Epoch [35/100]
2026-05-06 08:56:21 | INFO | Train Loss: 0.0246 | Train Acc: 0.9726 | Val Loss: 0.2956 | Val Acc: 0.7824
2026-05-06 08:58:11 | INFO | Epoch [36/100]
2026-05-06 08:58:11 | INFO | Train Loss: 0.0180 | Train Acc: 0.9811 | Val Loss: 0.2876 | Val Acc: 0.7979
2026-05-06 09:00:01 | INFO | Epoch [37/100]
2026-05-06 09:00:01 | INFO | Train Loss: 0.0156 | Train Acc: 0.9816 | Val Loss: 0.2504 | Val Acc: 0.8342
2026-05-06 09:01:51 | INFO | Epoch [38/100]
2026-05-06 09:01:51 | INFO | Train Loss: 0.0204 | Train Acc: 0.9771 | Val Loss: 0.3226 | Val Acc: 0.7979
2026-05-06 09:03:41 | INFO | Epoch [39/100]
2026-05-06 09:03:41 | INFO | Train Loss: 0.0187 | Train Acc: 0.9797 | Val Loss: 0.3855 | Val Acc: 0.8238
2026-05-06 09:05:31 | INFO | Epoch [40/100]
2026-05-06 09:05:31 | INFO | Train Loss: 0.0202 | Train Acc: 0.9809 | Val Loss: 0.3178 | Val Acc: 0.7824
2026-05-06 09:05:36 | INFO | --- TEST METRICS @ Epoch 40 ---
2026-05-06 09:05:36 | INFO | Acc@1: 0.7242
2026-05-06 09:05:36 | INFO | Acc@5: 0.9934
2026-05-06 09:05:36 | INFO | Precision: 0.6340
2026-05-06 09:05:36 | INFO | Recall: 0.6052
2026-05-06 09:05:36 | INFO | F1: 0.5959
2026-05-06 09:05:36 | INFO | Macro F1: 0.5959
2026-05-06 09:05:36 | INFO | ROC-AUC: 0.9338
2026-05-06 09:07:26 | INFO | Epoch [41/100]
2026-05-06 09:07:26 | INFO | Train Loss: 0.0149 | Train Acc: 0.9832 | Val Loss: 0.3941 | Val Acc: 0.7720


