2026-05-15 09:23:09 | INFO | ===== TRAIN DATASET =====
2026-05-15 09:23:09 | INFO | Total samples: 10015
2026-05-15 09:23:09 | INFO | Class distribution:
2026-05-15 09:23:09 | INFO |   Class 0: 1113 samples (11.11%)
2026-05-15 09:23:09 | INFO |   Class 1: 6705 samples (66.95%)
2026-05-15 09:23:09 | INFO |   Class 2: 514 samples (5.13%)
2026-05-15 09:23:09 | INFO |   Class 3: 327 samples (3.27%)
2026-05-15 09:23:09 | INFO |   Class 4: 1099 samples (10.97%)
2026-05-15 09:23:09 | INFO |   Class 5: 115 samples (1.15%)
2026-05-15 09:23:09 | INFO |   Class 6: 142 samples (1.42%)
2026-05-15 09:23:09 | INFO | ===== VALIDATION DATASET =====
2026-05-15 09:23:09 | INFO | Total samples: 193
2026-05-15 09:23:09 | INFO | Class distribution:
2026-05-15 09:23:09 | INFO |   Class 0: 21 samples (10.88%)
2026-05-15 09:23:09 | INFO |   Class 1: 123 samples (63.73%)
2026-05-15 09:23:09 | INFO |   Class 2: 15 samples (7.77%)
2026-05-15 09:23:09 | INFO |   Class 3: 8 samples (4.15%)
2026-05-15 09:23:09 | INFO |   Class 4: 22 samples (11.40%)
2026-05-15 09:23:09 | INFO |   Class 5: 1 samples (0.52%)
2026-05-15 09:23:09 | INFO |   Class 6: 3 samples (1.55%)
2026-05-15 09:23:09 | INFO | ===== TEST DATASET =====
2026-05-15 09:23:09 | INFO | Total samples: 1512
2026-05-15 09:23:09 | INFO | Class distribution:
2026-05-15 09:23:09 | INFO |   Class 0: 171 samples (11.31%)
2026-05-15 09:23:09 | INFO |   Class 1: 909 samples (60.12%)
2026-05-15 09:23:09 | INFO |   Class 2: 93 samples (6.15%)
2026-05-15 09:23:09 | INFO |   Class 3: 43 samples (2.84%)
2026-05-15 09:23:09 | INFO |   Class 4: 217 samples (14.35%)
2026-05-15 09:23:09 | INFO |   Class 5: 44 samples (2.91%)
2026-05-15 09:23:09 | INFO |   Class 6: 35 samples (2.31%)
2026-05-15 09:24:43 | INFO | Epoch [1/100]
2026-05-15 09:24:43 | INFO | Train Loss: 1.0934 | Train Acc: 0.4232 | Val Loss: 0.4909 | Val Acc: 0.6891
2026-05-15 09:24:43 | INFO |   → Saved best model (val_acc=0.6891) to models/vit_best.pth
2026-05-15 09:26:31 | INFO | Epoch [2/100]
2026-05-15 09:26:31 | INFO | Train Loss: 0.8207 | Train Acc: 0.5410 | Val Loss: 0.3602 | Val Acc: 0.7565
2026-05-15 09:26:32 | INFO |   → Saved best model (val_acc=0.7565) to models/vit_best.pth
2026-05-15 09:28:39 | INFO | Epoch [3/100]
2026-05-15 09:28:39 | INFO | Train Loss: 0.7162 | Train Acc: 0.5809 | Val Loss: 0.3393 | Val Acc: 0.7306
2026-05-15 09:30:43 | INFO | Epoch [4/100]
2026-05-15 09:30:43 | INFO | Train Loss: 0.6892 | Train Acc: 0.5987 | Val Loss: 0.2938 | Val Acc: 0.7772
2026-05-15 09:30:43 | INFO |   → Saved best model (val_acc=0.7772) to models/vit_best.pth
2026-05-15 09:32:17 | INFO | Epoch [5/100]
2026-05-15 09:32:17 | INFO | Train Loss: 0.6569 | Train Acc: 0.6105 | Val Loss: 0.4386 | Val Acc: 0.6684
2026-05-15 09:33:51 | INFO | Epoch [6/100]
2026-05-15 09:33:51 | INFO | Train Loss: 0.6413 | Train Acc: 0.6187 | Val Loss: 0.4007 | Val Acc: 0.7306
2026-05-15 09:35:23 | INFO | Epoch [7/100]
2026-05-15 09:35:23 | INFO | Train Loss: 0.6173 | Train Acc: 0.6238 | Val Loss: 0.2427 | Val Acc: 0.8083
2026-05-15 09:35:23 | INFO |   → Saved best model (val_acc=0.8083) to models/vit_best.pth
2026-05-15 09:37:39 | INFO | Epoch [8/100]
2026-05-15 09:37:39 | INFO | Train Loss: 0.6145 | Train Acc: 0.6316 | Val Loss: 0.3514 | Val Acc: 0.6943
2026-05-15 09:39:53 | INFO | Epoch [9/100]
2026-05-15 09:39:53 | INFO | Train Loss: 0.5836 | Train Acc: 0.6427 | Val Loss: 0.2114 | Val Acc: 0.8290
2026-05-15 09:39:54 | INFO |   → Saved best model (val_acc=0.8290) to models/vit_best.pth
2026-05-15 09:42:08 | INFO | Epoch [10/100]
2026-05-15 09:42:08 | INFO | Train Loss: 0.6103 | Train Acc: 0.6312 | Val Loss: 0.2839 | Val Acc: 0.8135
2026-05-15 09:42:14 | INFO | --- TEST METRICS @ Epoch 10 ---
2026-05-15 09:42:14 | INFO | Acc@1: 0.7308
2026-05-15 09:42:14 | INFO | Acc@5: 0.9927
2026-05-15 09:42:14 | INFO | Precision: 0.6501
2026-05-15 09:42:14 | INFO | Recall: 0.6663
2026-05-15 09:42:14 | INFO | F1: 0.6449
2026-05-15 09:42:14 | INFO | Macro F1: 0.6449
2026-05-15 09:42:14 | INFO | ROC-AUC: 0.9366
2026-05-15 09:43:45 | INFO | Epoch [11/100]
2026-05-15 09:43:45 | INFO | Train Loss: 0.5981 | Train Acc: 0.6323 | Val Loss: 0.2218 | Val Acc: 0.8290
2026-05-15 09:45:12 | INFO | Epoch [12/100]
2026-05-15 09:45:12 | INFO | Train Loss: 0.5696 | Train Acc: 0.6469 | Val Loss: 0.3624 | Val Acc: 0.7098
2026-05-15 09:46:36 | INFO | Epoch [13/100]
2026-05-15 09:46:36 | INFO | Train Loss: 0.5250 | Train Acc: 0.6791 | Val Loss: 0.2330 | Val Acc: 0.7513
2026-05-15 09:48:03 | INFO | Epoch [14/100]
2026-05-15 09:48:03 | INFO | Train Loss: 0.5670 | Train Acc: 0.6634 | Val Loss: 0.3492 | Val Acc: 0.7306
2026-05-15 09:49:29 | INFO | Epoch [15/100]
2026-05-15 09:49:29 | INFO | Train Loss: 0.5266 | Train Acc: 0.6728 | Val Loss: 0.4737 | Val Acc: 0.8031
2026-05-15 09:50:54 | INFO | Epoch [16/100]
2026-05-15 09:50:54 | INFO | Train Loss: 0.5231 | Train Acc: 0.6755 | Val Loss: 0.2391 | Val Acc: 0.7720
2026-05-15 09:52:20 | INFO | Epoch [17/100]
2026-05-15 09:52:20 | INFO | Train Loss: 0.5036 | Train Acc: 0.6896 | Val Loss: 0.2866 | Val Acc: 0.7876
2026-05-15 09:53:46 | INFO | Epoch [18/100]
2026-05-15 09:53:46 | INFO | Train Loss: 0.5189 | Train Acc: 0.6773 | Val Loss: 0.2153 | Val Acc: 0.8238
2026-05-15 09:55:11 | INFO | Epoch [19/100]
2026-05-15 09:55:11 | INFO | Train Loss: 0.4801 | Train Acc: 0.6992 | Val Loss: 0.2926 | Val Acc: 0.7461
2026-05-15 09:56:38 | INFO | Epoch [20/100]
2026-05-15 09:56:38 | INFO | Train Loss: 0.4979 | Train Acc: 0.6881 | Val Loss: 0.2445 | Val Acc: 0.7668
2026-05-15 09:56:42 | INFO | --- TEST METRICS @ Epoch 20 ---
2026-05-15 09:56:42 | INFO | Acc@1: 0.6713
2026-05-15 09:56:42 | INFO | Acc@5: 0.9927
2026-05-15 09:56:42 | INFO | Precision: 0.6557
2026-05-15 09:56:42 | INFO | Recall: 0.6641
2026-05-15 09:56:42 | INFO | F1: 0.6318
2026-05-15 09:56:42 | INFO | Macro F1: 0.6318
2026-05-15 09:56:42 | INFO | ROC-AUC: 0.9296
2026-05-15 09:58:08 | INFO | Epoch [21/100]
2026-05-15 09:58:08 | INFO | Train Loss: 0.4760 | Train Acc: 0.6957 | Val Loss: 0.2261 | Val Acc: 0.7772
2026-05-15 09:59:33 | INFO | Epoch [22/100]
2026-05-15 09:59:33 | INFO | Train Loss: 0.4884 | Train Acc: 0.6945 | Val Loss: 0.4556 | Val Acc: 0.7409
2026-05-15 10:00:59 | INFO | Epoch [23/100]
2026-05-15 10:00:59 | INFO | Train Loss: 0.4521 | Train Acc: 0.7043 | Val Loss: 0.3941 | Val Acc: 0.7150
2026-05-15 10:02:26 | INFO | Epoch [24/100]
2026-05-15 10:02:26 | INFO | Train Loss: 0.4832 | Train Acc: 0.6912 | Val Loss: 0.2213 | Val Acc: 0.8135
2026-05-15 10:03:51 | INFO | Epoch [25/100]
2026-05-15 10:03:51 | INFO | Train Loss: 0.4686 | Train Acc: 0.7015 | Val Loss: 0.2498 | Val Acc: 0.7513
2026-05-15 10:05:17 | INFO | Epoch [26/100]
2026-05-15 10:05:17 | INFO | Train Loss: 0.4487 | Train Acc: 0.7147 | Val Loss: 0.2588 | Val Acc: 0.7772
2026-05-15 10:06:43 | INFO | Epoch [27/100]
2026-05-15 10:06:43 | INFO | Train Loss: 0.4333 | Train Acc: 0.7211 | Val Loss: 0.3107 | Val Acc: 0.8083
2026-05-15 10:08:09 | INFO | Epoch [28/100]
2026-05-15 10:08:09 | INFO | Train Loss: 0.4215 | Train Acc: 0.7350 | Val Loss: 0.2540 | Val Acc: 0.7979
2026-05-15 10:09:35 | INFO | Epoch [29/100]
2026-05-15 10:09:35 | INFO | Train Loss: 0.4160 | Train Acc: 0.7302 | Val Loss: 0.2871 | Val Acc: 0.7513
2026-05-15 10:11:01 | INFO | Epoch [30/100]
2026-05-15 10:11:01 | INFO | Train Loss: 0.4514 | Train Acc: 0.7043 | Val Loss: 0.2736 | Val Acc: 0.7668
2026-05-15 10:11:04 | INFO | --- TEST METRICS @ Epoch 30 ---
2026-05-15 10:11:04 | INFO | Acc@1: 0.7394
2026-05-15 10:11:04 | INFO | Acc@5: 0.9947
2026-05-15 10:11:04 | INFO | Precision: 0.7303
2026-05-15 10:11:04 | INFO | Recall: 0.6385
2026-05-15 10:11:04 | INFO | F1: 0.6558
2026-05-15 10:11:04 | INFO | Macro F1: 0.6558
2026-05-15 10:11:04 | INFO | ROC-AUC: 0.9297
2026-05-15 10:12:30 | INFO | Epoch [31/100]
2026-05-15 10:12:30 | INFO | Train Loss: 0.4012 | Train Acc: 0.7487 | Val Loss: 0.2759 | Val Acc: 0.7927
2026-05-15 10:13:57 | INFO | Epoch [32/100]
2026-05-15 10:13:57 | INFO | Train Loss: 0.4324 | Train Acc: 0.7156 | Val Loss: 0.2664 | Val Acc: 0.8083
2026-05-15 10:15:22 | INFO | Epoch [33/100]
2026-05-15 10:15:22 | INFO | Train Loss: 0.4071 | Train Acc: 0.7320 | Val Loss: 0.2400 | Val Acc: 0.8653
2026-05-15 10:15:22 | INFO |   → Saved best model (val_acc=0.8653) to models/vit_best.pth
2026-05-15 10:16:49 | INFO | Epoch [34/100]
2026-05-15 10:16:49 | INFO | Train Loss: 0.4106 | Train Acc: 0.7382 | Val Loss: 0.4399 | Val Acc: 0.7409
2026-05-15 10:18:15 | INFO | Epoch [35/100]
2026-05-15 10:18:15 | INFO | Train Loss: 0.3881 | Train Acc: 0.7506 | Val Loss: 0.2516 | Val Acc: 0.8238
2026-05-15 10:19:40 | INFO | Epoch [36/100]
2026-05-15 10:19:40 | INFO | Train Loss: 0.3932 | Train Acc: 0.7405 | Val Loss: 0.3055 | Val Acc: 0.7409
2026-05-15 10:21:06 | INFO | Epoch [37/100]
2026-05-15 10:21:06 | INFO | Train Loss: 0.3890 | Train Acc: 0.7445 | Val Loss: 0.3015 | Val Acc: 0.8031
2026-05-15 10:22:32 | INFO | Epoch [38/100]
2026-05-15 10:22:32 | INFO | Train Loss: 0.3810 | Train Acc: 0.7438 | Val Loss: 0.2466 | Val Acc: 0.8549
2026-05-15 10:23:57 | INFO | Epoch [39/100]
2026-05-15 10:23:57 | INFO | Train Loss: 0.4080 | Train Acc: 0.7305 | Val Loss: 0.2966 | Val Acc: 0.7927
2026-05-15 10:25:24 | INFO | Epoch [40/100]
2026-05-15 10:25:24 | INFO | Train Loss: 0.3955 | Train Acc: 0.7343 | Val Loss: 0.2207 | Val Acc: 0.8290
2026-05-15 10:25:28 | INFO | --- TEST METRICS @ Epoch 40 ---
2026-05-15 10:25:28 | INFO | Acc@1: 0.7857
2026-05-15 10:25:28 | INFO | Acc@5: 0.9940
2026-05-15 10:25:28 | INFO | Precision: 0.7174
2026-05-15 10:25:28 | INFO | Recall: 0.6778
2026-05-15 10:25:28 | INFO | F1: 0.6847
2026-05-15 10:25:28 | INFO | Macro F1: 0.6847
2026-05-15 10:25:28 | INFO | ROC-AUC: 0.9342
2026-05-15 10:26:54 | INFO | Epoch [41/100]
2026-05-15 10:26:54 | INFO | Train Loss: 0.3920 | Train Acc: 0.7388 | Val Loss: 0.2559 | Val Acc: 0.7876
2026-05-15 10:28:20 | INFO | Epoch [42/100]
2026-05-15 10:28:20 | INFO | Train Loss: 0.3647 | Train Acc: 0.7448 | Val Loss: 0.3152 | Val Acc: 0.7824
2026-05-15 10:29:46 | INFO | Epoch [43/100]
2026-05-15 10:29:46 | INFO | Train Loss: 0.3711 | Train Acc: 0.7533 | Val Loss: 0.2569 | Val Acc: 0.8031
2026-05-15 10:31:12 | INFO | Epoch [44/100]
2026-05-15 10:31:12 | INFO | Train Loss: 0.3626 | Train Acc: 0.7554 | Val Loss: 0.2811 | Val Acc: 0.8238
2026-05-15 10:32:37 | INFO | Epoch [45/100]
2026-05-15 10:32:37 | INFO | Train Loss: 0.3517 | Train Acc: 0.7615 | Val Loss: 0.3070 | Val Acc: 0.8083
2026-05-15 10:34:03 | INFO | Epoch [46/100]
2026-05-15 10:34:03 | INFO | Train Loss: 0.3700 | Train Acc: 0.7424 | Val Loss: 0.1807 | Val Acc: 0.8601
2026-05-15 10:35:30 | INFO | Epoch [47/100]
2026-05-15 10:35:30 | INFO | Train Loss: 0.3734 | Train Acc: 0.7472 | Val Loss: 0.2317 | Val Acc: 0.8238
2026-05-15 10:36:55 | INFO | Epoch [48/100]
2026-05-15 10:36:55 | INFO | Train Loss: 0.3421 | Train Acc: 0.7671 | Val Loss: 0.2198 | Val Acc: 0.8238
2026-05-15 10:38:21 | INFO | Epoch [49/100]
2026-05-15 10:38:21 | INFO | Train Loss: 0.3656 | Train Acc: 0.7389 | Val Loss: 0.2032 | Val Acc: 0.8549
2026-05-15 10:39:48 | INFO | Epoch [50/100]
2026-05-15 10:39:48 | INFO | Train Loss: 0.3356 | Train Acc: 0.7736 | Val Loss: 0.2595 | Val Acc: 0.8497
2026-05-15 10:39:52 | INFO | --- TEST METRICS @ Epoch 50 ---
2026-05-15 10:39:52 | INFO | Acc@1: 0.7917
2026-05-15 10:39:52 | INFO | Acc@5: 0.9828
2026-05-15 10:39:52 | INFO | Precision: 0.7544
2026-05-15 10:39:52 | INFO | Recall: 0.6374
2026-05-15 10:39:52 | INFO | F1: 0.6715
2026-05-15 10:39:52 | INFO | Macro F1: 0.6715
2026-05-15 10:39:52 | INFO | ROC-AUC: 0.8999
2026-05-15 10:41:17 | INFO | Epoch [51/100]
2026-05-15 10:41:17 | INFO | Train Loss: 0.3448 | Train Acc: 0.7608 | Val Loss: 0.2509 | Val Acc: 0.8290
2026-05-15 10:42:43 | INFO | Epoch [52/100]
2026-05-15 10:42:43 | INFO | Train Loss: 0.3280 | Train Acc: 0.7727 | Val Loss: 0.2977 | Val Acc: 0.8342
2026-05-15 10:44:09 | INFO | Epoch [53/100]
2026-05-15 10:44:09 | INFO | Train Loss: 0.3350 | Train Acc: 0.7597 | Val Loss: 0.2433 | Val Acc: 0.8290
2026-05-15 10:45:34 | INFO | Epoch [54/100]
2026-05-15 10:45:34 | INFO | Train Loss: 0.3226 | Train Acc: 0.7687 | Val Loss: 0.2648 | Val Acc: 0.8238
2026-05-15 10:47:01 | INFO | Epoch [55/100]
2026-05-15 10:47:01 | INFO | Train Loss: 0.3198 | Train Acc: 0.7744 | Val Loss: 0.2309 | Val Acc: 0.8187
2026-05-15 10:48:27 | INFO | Epoch [56/100]
2026-05-15 10:48:27 | INFO | Train Loss: 0.3181 | Train Acc: 0.7723 | Val Loss: 0.2253 | Val Acc: 0.8290
2026-05-15 10:49:52 | INFO | Epoch [57/100]
2026-05-15 10:49:52 | INFO | Train Loss: 0.3220 | Train Acc: 0.7707 | Val Loss: 0.2441 | Val Acc: 0.8497
2026-05-15 10:51:18 | INFO | Epoch [58/100]
2026-05-15 10:51:18 | INFO | Train Loss: 0.3246 | Train Acc: 0.7663 | Val Loss: 0.2536 | Val Acc: 0.8187
2026-05-15 10:52:45 | INFO | Epoch [59/100]
2026-05-15 10:52:45 | INFO | Train Loss: 0.3145 | Train Acc: 0.7596 | Val Loss: 0.3088 | Val Acc: 0.8187
2026-05-15 10:54:09 | INFO | Epoch [60/100]
2026-05-15 10:54:09 | INFO | Train Loss: 0.3239 | Train Acc: 0.7714 | Val Loss: 0.2606 | Val Acc: 0.8135
2026-05-15 10:54:14 | INFO | --- TEST METRICS @ Epoch 60 ---
2026-05-15 10:54:14 | INFO | Acc@1: 0.7970
2026-05-15 10:54:14 | INFO | Acc@5: 0.9868
2026-05-15 10:54:14 | INFO | Precision: 0.7617
2026-05-15 10:54:14 | INFO | Recall: 0.6688
2026-05-15 10:54:14 | INFO | F1: 0.6993
2026-05-15 10:54:14 | INFO | Macro F1: 0.6993
2026-05-15 10:54:14 | INFO | ROC-AUC: 0.9196
2026-05-15 10:55:40 | INFO | Epoch [61/100]
2026-05-15 10:55:40 | INFO | Train Loss: 0.3031 | Train Acc: 0.7770 | Val Loss: 0.2998 | Val Acc: 0.7876
2026-05-15 10:57:06 | INFO | Epoch [62/100]
2026-05-15 10:57:06 | INFO | Train Loss: 0.2816 | Train Acc: 0.7918 | Val Loss: 0.2626 | Val Acc: 0.8238
2026-05-15 10:58:33 | INFO | Epoch [63/100]
2026-05-15 10:58:33 | INFO | Train Loss: 0.3120 | Train Acc: 0.7492 | Val Loss: 0.2719 | Val Acc: 0.8238
2026-05-15 10:59:59 | INFO | Epoch [64/100]
2026-05-15 10:59:59 | INFO | Train Loss: 0.3018 | Train Acc: 0.7620 | Val Loss: 0.2863 | Val Acc: 0.8290
2026-05-15 11:01:24 | INFO | Epoch [65/100]
2026-05-15 11:01:24 | INFO | Train Loss: 0.2897 | Train Acc: 0.7810 | Val Loss: 0.2948 | Val Acc: 0.8342
2026-05-15 11:02:51 | INFO | Epoch [66/100]
2026-05-15 11:02:51 | INFO | Train Loss: 0.3022 | Train Acc: 0.7754 | Val Loss: 0.2695 | Val Acc: 0.8187
2026-05-15 11:04:17 | INFO | Epoch [67/100]
2026-05-15 11:04:17 | INFO | Train Loss: 0.2977 | Train Acc: 0.7701 | Val Loss: 0.2926 | Val Acc: 0.8290
2026-05-15 11:05:43 | INFO | Epoch [68/100]
2026-05-15 11:05:43 | INFO | Train Loss: 0.2782 | Train Acc: 0.7786 | Val Loss: 0.2642 | Val Acc: 0.8187
2026-05-15 11:07:09 | INFO | Epoch [69/100]
2026-05-15 11:07:09 | INFO | Train Loss: 0.2743 | Train Acc: 0.7809 | Val Loss: 0.3030 | Val Acc: 0.8187
2026-05-15 11:08:35 | INFO | Epoch [70/100]
2026-05-15 11:08:35 | INFO | Train Loss: 0.2833 | Train Acc: 0.7728 | Val Loss: 0.2752 | Val Acc: 0.8290
2026-05-15 11:08:40 | INFO | --- TEST METRICS @ Epoch 70 ---
2026-05-15 11:08:40 | INFO | Acc@1: 0.8056
2026-05-15 11:08:40 | INFO | Acc@5: 0.9874
2026-05-15 11:08:40 | INFO | Precision: 0.7479
2026-05-15 11:08:40 | INFO | Recall: 0.6605
2026-05-15 11:08:40 | INFO | F1: 0.6896
2026-05-15 11:08:40 | INFO | Macro F1: 0.6896
2026-05-15 11:08:40 | INFO | ROC-AUC: 0.9150
2026-05-15 11:10:05 | INFO | Epoch [71/100]
2026-05-15 11:10:05 | INFO | Train Loss: 0.2685 | Train Acc: 0.7900 | Val Loss: 0.2962 | Val Acc: 0.8446
2026-05-15 11:11:31 | INFO | Epoch [72/100]
2026-05-15 11:11:31 | INFO | Train Loss: 0.2717 | Train Acc: 0.7863 | Val Loss: 0.2767 | Val Acc: 0.8342
2026-05-15 11:12:57 | INFO | Epoch [73/100]
2026-05-15 11:12:57 | INFO | Train Loss: 0.2810 | Train Acc: 0.7705 | Val Loss: 0.2727 | Val Acc: 0.8290
2026-05-15 11:14:22 | INFO | Epoch [74/100]
2026-05-15 11:14:22 | INFO | Train Loss: 0.2745 | Train Acc: 0.7755 | Val Loss: 0.2497 | Val Acc: 0.8290
2026-05-15 11:15:48 | INFO | Epoch [75/100]
2026-05-15 11:15:48 | INFO | Train Loss: 0.2644 | Train Acc: 0.7732 | Val Loss: 0.3010 | Val Acc: 0.8290
2026-05-15 11:17:14 | INFO | Epoch [76/100]
2026-05-15 11:17:14 | INFO | Train Loss: 0.2600 | Train Acc: 0.7835 | Val Loss: 0.2766 | Val Acc: 0.8290
2026-05-15 11:18:40 | INFO | Epoch [77/100]
2026-05-15 11:18:40 | INFO | Train Loss: 0.2619 | Train Acc: 0.7979 | Val Loss: 0.2805 | Val Acc: 0.8290
2026-05-15 11:20:06 | INFO | Epoch [78/100]
2026-05-15 11:20:06 | INFO | Train Loss: 0.2750 | Train Acc: 0.7774 | Val Loss: 0.3023 | Val Acc: 0.8394
2026-05-15 11:21:32 | INFO | Epoch [79/100]
2026-05-15 11:21:32 | INFO | Train Loss: 0.2630 | Train Acc: 0.7893 | Val Loss: 0.2523 | Val Acc: 0.8394
2026-05-15 11:22:57 | INFO | Epoch [80/100]
2026-05-15 11:22:57 | INFO | Train Loss: 0.2631 | Train Acc: 0.7865 | Val Loss: 0.3001 | Val Acc: 0.8290
2026-05-15 11:23:01 | INFO | --- TEST METRICS @ Epoch 80 ---
2026-05-15 11:23:01 | INFO | Acc@1: 0.8029
2026-05-15 11:23:01 | INFO | Acc@5: 0.9821
2026-05-15 11:23:01 | INFO | Precision: 0.7739
2026-05-15 11:23:01 | INFO | Recall: 0.6516
2026-05-15 11:23:01 | INFO | F1: 0.6975
2026-05-15 11:23:01 | INFO | Macro F1: 0.6975
2026-05-15 11:23:01 | INFO | ROC-AUC: 0.8947
2026-05-15 11:24:28 | INFO | Epoch [81/100]
2026-05-15 11:24:28 | INFO | Train Loss: 0.2420 | Train Acc: 0.7959 | Val Loss: 0.3097 | Val Acc: 0.8394
2026-05-15 11:25:30 | INFO | Epoch [82/100]
2026-05-15 11:25:30 | INFO | Train Loss: 0.2486 | Train Acc: 0.7849 | Val Loss: 0.3252 | Val Acc: 0.8394
2026-05-15 11:26:14 | INFO | Epoch [83/100]
2026-05-15 11:26:14 | INFO | Train Loss: 0.2457 | Train Acc: 0.7925 | Val Loss: 0.3005 | Val Acc: 0.8446
2026-05-15 11:26:58 | INFO | Epoch [84/100]
2026-05-15 11:26:58 | INFO | Train Loss: 0.2432 | Train Acc: 0.7893 | Val Loss: 0.3071 | Val Acc: 0.8342
2026-05-15 11:27:42 | INFO | Epoch [85/100]
2026-05-15 11:27:42 | INFO | Train Loss: 0.2465 | Train Acc: 0.7973 | Val Loss: 0.2980 | Val Acc: 0.8342
2026-05-15 11:28:26 | INFO | Epoch [86/100]
2026-05-15 11:28:26 | INFO | Train Loss: 0.2461 | Train Acc: 0.7947 | Val Loss: 0.3146 | Val Acc: 0.8187
2026-05-15 11:29:10 | INFO | Epoch [87/100]
2026-05-15 11:29:10 | INFO | Train Loss: 0.2416 | Train Acc: 0.8000 | Val Loss: 0.3118 | Val Acc: 0.8238
2026-05-15 11:29:54 | INFO | Epoch [88/100]
2026-05-15 11:29:54 | INFO | Train Loss: 0.2557 | Train Acc: 0.7903 | Val Loss: 0.3244 | Val Acc: 0.8342
2026-05-15 11:30:39 | INFO | Epoch [89/100]
2026-05-15 11:30:39 | INFO | Train Loss: 0.2604 | Train Acc: 0.7746 | Val Loss: 0.3401 | Val Acc: 0.8290
2026-05-15 11:31:23 | INFO | Epoch [90/100]
2026-05-15 11:31:23 | INFO | Train Loss: 0.2307 | Train Acc: 0.8005 | Val Loss: 0.3293 | Val Acc: 0.8290
2026-05-15 11:31:26 | INFO | --- TEST METRICS @ Epoch 90 ---
2026-05-15 11:31:26 | INFO | Acc@1: 0.8082
2026-05-15 11:31:26 | INFO | Acc@5: 0.9802
2026-05-15 11:31:26 | INFO | Precision: 0.7799
2026-05-15 11:31:26 | INFO | Recall: 0.6617
2026-05-15 11:31:26 | INFO | F1: 0.7081
2026-05-15 11:31:26 | INFO | Macro F1: 0.7081
2026-05-15 11:31:26 | INFO | ROC-AUC: 0.8955
2026-05-15 11:32:10 | INFO | Epoch [91/100]
2026-05-15 11:32:10 | INFO | Train Loss: 0.2506 | Train Acc: 0.7853 | Val Loss: 0.3415 | Val Acc: 0.8187
2026-05-15 11:32:54 | INFO | Epoch [92/100]
2026-05-15 11:32:54 | INFO | Train Loss: 0.2415 | Train Acc: 0.8037 | Val Loss: 0.3122 | Val Acc: 0.8238
2026-05-15 11:33:39 | INFO | Epoch [93/100]
2026-05-15 11:33:39 | INFO | Train Loss: 0.2411 | Train Acc: 0.7838 | Val Loss: 0.3157 | Val Acc: 0.8290
2026-05-15 11:34:23 | INFO | Epoch [94/100]
2026-05-15 11:34:23 | INFO | Train Loss: 0.2449 | Train Acc: 0.7911 | Val Loss: 0.3275 | Val Acc: 0.8238
2026-05-15 11:35:07 | INFO | Epoch [95/100]
2026-05-15 11:35:07 | INFO | Train Loss: 0.2572 | Train Acc: 0.7759 | Val Loss: 0.3206 | Val Acc: 0.8238
2026-05-15 11:35:51 | INFO | Epoch [96/100]
2026-05-15 11:35:51 | INFO | Train Loss: 0.2528 | Train Acc: 0.7837 | Val Loss: 0.3233 | Val Acc: 0.8238
2026-05-15 11:36:35 | INFO | Epoch [97/100]
2026-05-15 11:36:35 | INFO | Train Loss: 0.2386 | Train Acc: 0.7950 | Val Loss: 0.3268 | Val Acc: 0.8290
2026-05-15 11:37:19 | INFO | Epoch [98/100]
2026-05-15 11:37:19 | INFO | Train Loss: 0.2358 | Train Acc: 0.8010 | Val Loss: 0.3236 | Val Acc: 0.8342
2026-05-15 11:38:04 | INFO | Epoch [99/100]
2026-05-15 11:38:04 | INFO | Train Loss: 0.2520 | Train Acc: 0.7887 | Val Loss: 0.3233 | Val Acc: 0.8238
2026-05-15 11:38:48 | INFO | Epoch [100/100]
2026-05-15 11:38:48 | INFO | Train Loss: 0.2323 | Train Acc: 0.8110 | Val Loss: 0.3237 | Val Acc: 0.8290
2026-05-15 11:38:51 | INFO | --- TEST METRICS @ Epoch 100 ---
2026-05-15 11:38:51 | INFO | Acc@1: 0.8062
2026-05-15 11:38:51 | INFO | Acc@5: 0.9788
2026-05-15 11:38:51 | INFO | Precision: 0.7750
2026-05-15 11:38:51 | INFO | Recall: 0.6521
2026-05-15 11:38:51 | INFO | F1: 0.7003
2026-05-15 11:38:51 | INFO | Macro F1: 0.7003
2026-05-15 11:38:51 | INFO | ROC-AUC: 0.8909
2026-05-15 11:38:51 | INFO | Total Train Time: 8141.99s
2026-05-15 11:38:51 | INFO | ===== MODEL INFO =====
2026-05-15 11:38:51 | INFO | Model: vit
2026-05-15 11:38:51 | INFO | GFLOPs: 11.29
2026-05-15 11:38:51 | INFO | Params (M): 86.20
2026-05-15 11:38:54 | INFO | ===== FINAL TEST METRICS =====
2026-05-15 11:38:54 | INFO | Acc@1: 0.8062
2026-05-15 11:38:54 | INFO | Acc@5: 0.9788
2026-05-15 11:38:54 | INFO | Precision: 0.7750
2026-05-15 11:38:54 | INFO | Recall: 0.6521
2026-05-15 11:38:54 | INFO | F1: 0.7003
2026-05-15 11:38:54 | INFO | Macro F1: 0.7003
2026-05-15 11:38:54 | INFO | ROC-AUC: 0.8909
