2026-05-15 09:17:32 | INFO | ===== TRAIN DATASET =====
2026-05-15 09:17:32 | INFO | Total samples: 10015
2026-05-15 09:17:32 | INFO | Class distribution:
2026-05-15 09:17:32 | INFO |   Class 0: 1113 samples (11.11%)
2026-05-15 09:17:32 | INFO |   Class 1: 6705 samples (66.95%)
2026-05-15 09:17:32 | INFO |   Class 2: 514 samples (5.13%)
2026-05-15 09:17:32 | INFO |   Class 3: 327 samples (3.27%)
2026-05-15 09:17:32 | INFO |   Class 4: 1099 samples (10.97%)
2026-05-15 09:17:32 | INFO |   Class 5: 115 samples (1.15%)
2026-05-15 09:17:32 | INFO |   Class 6: 142 samples (1.42%)
2026-05-15 09:17:32 | INFO | ===== VALIDATION DATASET =====
2026-05-15 09:17:32 | INFO | Total samples: 193
2026-05-15 09:17:32 | INFO | Class distribution:
2026-05-15 09:17:32 | INFO |   Class 0: 21 samples (10.88%)
2026-05-15 09:17:32 | INFO |   Class 1: 123 samples (63.73%)
2026-05-15 09:17:32 | INFO |   Class 2: 15 samples (7.77%)
2026-05-15 09:17:32 | INFO |   Class 3: 8 samples (4.15%)
2026-05-15 09:17:32 | INFO |   Class 4: 22 samples (11.40%)
2026-05-15 09:17:32 | INFO |   Class 5: 1 samples (0.52%)
2026-05-15 09:17:32 | INFO |   Class 6: 3 samples (1.55%)
2026-05-15 09:17:32 | INFO | ===== TEST DATASET =====
2026-05-15 09:17:32 | INFO | Total samples: 1512
2026-05-15 09:17:32 | INFO | Class distribution:
2026-05-15 09:17:32 | INFO |   Class 0: 171 samples (11.31%)
2026-05-15 09:17:32 | INFO |   Class 1: 909 samples (60.12%)
2026-05-15 09:17:32 | INFO |   Class 2: 93 samples (6.15%)
2026-05-15 09:17:32 | INFO |   Class 3: 43 samples (2.84%)
2026-05-15 09:17:32 | INFO |   Class 4: 217 samples (14.35%)
2026-05-15 09:17:32 | INFO |   Class 5: 44 samples (2.91%)
2026-05-15 09:17:32 | INFO |   Class 6: 35 samples (2.31%)
2026-05-15 09:18:50 | INFO | Epoch [1/100]
2026-05-15 09:18:50 | INFO | Train Loss: 1.1601 | Train Acc: 0.3512 | Val Loss: 0.7441 | Val Acc: 0.5855
2026-05-15 09:18:50 | INFO |   → Saved best model (val_acc=0.5855) to models/vitb16_resattn_best.pth
2026-05-15 09:20:08 | INFO | Epoch [2/100]
2026-05-15 09:20:08 | INFO | Train Loss: 1.0317 | Train Acc: 0.4259 | Val Loss: 0.7372 | Val Acc: 0.6321
2026-05-15 09:20:09 | INFO |   → Saved best model (val_acc=0.6321) to models/vitb16_resattn_best.pth
2026-05-15 09:21:26 | INFO | Epoch [3/100]
2026-05-15 09:21:26 | INFO | Train Loss: 1.0019 | Train Acc: 0.4418 | Val Loss: 0.5806 | Val Acc: 0.6632
2026-05-15 09:21:27 | INFO |   → Saved best model (val_acc=0.6632) to models/vitb16_resattn_best.pth
2026-05-15 09:22:45 | INFO | Epoch [4/100]
2026-05-15 09:22:45 | INFO | Train Loss: 0.9626 | Train Acc: 0.4586 | Val Loss: 0.5846 | Val Acc: 0.6995
2026-05-15 09:22:45 | INFO |   → Saved best model (val_acc=0.6995) to models/vitb16_resattn_best.pth
2026-05-15 09:25:01 | INFO | Epoch [5/100]
2026-05-15 09:25:01 | INFO | Train Loss: 0.9641 | Train Acc: 0.4585 | Val Loss: 0.6696 | Val Acc: 0.6321
2026-05-15 09:28:38 | INFO | Epoch [6/100]
2026-05-15 09:28:38 | INFO | Train Loss: 0.9536 | Train Acc: 0.4693 | Val Loss: 0.5645 | Val Acc: 0.6218
2026-05-15 09:31:54 | INFO | Epoch [7/100]
2026-05-15 09:31:54 | INFO | Train Loss: 0.9440 | Train Acc: 0.4723 | Val Loss: 0.4950 | Val Acc: 0.6632
2026-05-15 09:34:35 | INFO | Epoch [8/100]
2026-05-15 09:34:35 | INFO | Train Loss: 0.9289 | Train Acc: 0.4843 | Val Loss: 0.5347 | Val Acc: 0.6684
2026-05-15 09:38:13 | INFO | Epoch [9/100]
2026-05-15 09:38:13 | INFO | Train Loss: 0.9283 | Train Acc: 0.4846 | Val Loss: 0.5880 | Val Acc: 0.6477
2026-05-15 09:42:15 | INFO | Epoch [10/100]
2026-05-15 09:42:15 | INFO | Train Loss: 0.9518 | Train Acc: 0.4692 | Val Loss: 0.5558 | Val Acc: 0.6528
2026-05-15 09:42:28 | INFO | --- TEST METRICS @ Epoch 10 ---
2026-05-15 09:42:28 | INFO | Acc@1: 0.6369
2026-05-15 09:42:28 | INFO | Acc@5: 0.9901
2026-05-15 09:42:28 | INFO | Precision: 0.4712
2026-05-15 09:42:28 | INFO | Recall: 0.5764
2026-05-15 09:42:28 | INFO | F1: 0.4874
2026-05-15 09:42:28 | INFO | Macro F1: 0.4874
2026-05-15 09:42:28 | INFO | ROC-AUC: 0.8950
2026-05-15 09:42:28 | INFO | Epoch 11: Unfreeze backbone — chuyển sang full param groups với lr riêng.


2026-05-15 13:05:41 | INFO | ===== TRAIN DATASET =====
2026-05-15 13:05:41 | INFO | Total samples: 10015
2026-05-15 13:05:41 | INFO | Class distribution:
2026-05-15 13:05:41 | INFO |   Class 0: 1113 samples (11.11%)
2026-05-15 13:05:41 | INFO |   Class 1: 6705 samples (66.95%)
2026-05-15 13:05:41 | INFO |   Class 2: 514 samples (5.13%)
2026-05-15 13:05:41 | INFO |   Class 3: 327 samples (3.27%)
2026-05-15 13:05:41 | INFO |   Class 4: 1099 samples (10.97%)
2026-05-15 13:05:41 | INFO |   Class 5: 115 samples (1.15%)
2026-05-15 13:05:41 | INFO |   Class 6: 142 samples (1.42%)
2026-05-15 13:05:41 | INFO | ===== VALIDATION DATASET =====
2026-05-15 13:05:41 | INFO | Total samples: 193
2026-05-15 13:05:41 | INFO | Class distribution:
2026-05-15 13:05:41 | INFO |   Class 0: 21 samples (10.88%)
2026-05-15 13:05:41 | INFO |   Class 1: 123 samples (63.73%)
2026-05-15 13:05:41 | INFO |   Class 2: 15 samples (7.77%)
2026-05-15 13:05:41 | INFO |   Class 3: 8 samples (4.15%)
2026-05-15 13:05:41 | INFO |   Class 4: 22 samples (11.40%)
2026-05-15 13:05:41 | INFO |   Class 5: 1 samples (0.52%)
2026-05-15 13:05:41 | INFO |   Class 6: 3 samples (1.55%)
2026-05-15 13:05:41 | INFO | ===== TEST DATASET =====
2026-05-15 13:05:41 | INFO | Total samples: 1512
2026-05-15 13:05:41 | INFO | Class distribution:
2026-05-15 13:05:41 | INFO |   Class 0: 171 samples (11.31%)
2026-05-15 13:05:41 | INFO |   Class 1: 909 samples (60.12%)
2026-05-15 13:05:41 | INFO |   Class 2: 93 samples (6.15%)
2026-05-15 13:05:41 | INFO |   Class 3: 43 samples (2.84%)
2026-05-15 13:05:41 | INFO |   Class 4: 217 samples (14.35%)
2026-05-15 13:05:41 | INFO |   Class 5: 44 samples (2.91%)
2026-05-15 13:05:41 | INFO |   Class 6: 35 samples (2.31%)
2026-05-15 13:06:59 | INFO | Epoch [1/100]
2026-05-15 13:06:59 | INFO | Train Loss: 1.1601 | Train Acc: 0.3512 | Val Loss: 0.7441 | Val Acc: 0.5855
2026-05-15 13:07:00 | INFO |   → Saved best model (val_acc=0.5855) to models/vitb16_resattn_best.pth
2026-05-15 13:08:18 | INFO | Epoch [2/100]
2026-05-15 13:08:18 | INFO | Train Loss: 1.0317 | Train Acc: 0.4259 | Val Loss: 0.7372 | Val Acc: 0.6321
2026-05-15 13:08:18 | INFO |   → Saved best model (val_acc=0.6321) to models/vitb16_resattn_best.pth
2026-05-15 13:09:36 | INFO | Epoch [3/100]
2026-05-15 13:09:36 | INFO | Train Loss: 1.0019 | Train Acc: 0.4418 | Val Loss: 0.5806 | Val Acc: 0.6632
2026-05-15 13:09:36 | INFO |   → Saved best model (val_acc=0.6632) to models/vitb16_resattn_best.pth
2026-05-15 13:10:54 | INFO | Epoch [4/100]
2026-05-15 13:10:54 | INFO | Train Loss: 0.9626 | Train Acc: 0.4586 | Val Loss: 0.5846 | Val Acc: 0.6995
2026-05-15 13:10:55 | INFO |   → Saved best model (val_acc=0.6995) to models/vitb16_resattn_best.pth
2026-05-15 13:12:13 | INFO | Epoch [5/100]
2026-05-15 13:12:13 | INFO | Train Loss: 0.9641 | Train Acc: 0.4585 | Val Loss: 0.6696 | Val Acc: 0.6321
2026-05-15 13:13:31 | INFO | Epoch [6/100]
2026-05-15 13:13:31 | INFO | Train Loss: 0.9536 | Train Acc: 0.4693 | Val Loss: 0.5645 | Val Acc: 0.6218
2026-05-15 13:14:49 | INFO | Epoch [7/100]
2026-05-15 13:14:49 | INFO | Train Loss: 0.9440 | Train Acc: 0.4723 | Val Loss: 0.4950 | Val Acc: 0.6632
2026-05-15 13:16:07 | INFO | Epoch [8/100]
2026-05-15 13:16:07 | INFO | Train Loss: 0.9289 | Train Acc: 0.4843 | Val Loss: 0.5347 | Val Acc: 0.6684
2026-05-15 13:17:25 | INFO | Epoch [9/100]
2026-05-15 13:17:25 | INFO | Train Loss: 0.9283 | Train Acc: 0.4846 | Val Loss: 0.5880 | Val Acc: 0.6477
2026-05-15 13:18:43 | INFO | Epoch [10/100]
2026-05-15 13:18:43 | INFO | Train Loss: 0.9518 | Train Acc: 0.4692 | Val Loss: 0.5558 | Val Acc: 0.6528
2026-05-15 13:18:48 | INFO | --- TEST METRICS @ Epoch 10 ---
2026-05-15 13:18:48 | INFO | Acc@1: 0.6369
2026-05-15 13:18:48 | INFO | Acc@5: 0.9901
2026-05-15 13:18:48 | INFO | Precision: 0.4712
2026-05-15 13:18:48 | INFO | Recall: 0.5764
2026-05-15 13:18:48 | INFO | F1: 0.4874
2026-05-15 13:18:48 | INFO | Macro F1: 0.4874
2026-05-15 13:18:48 | INFO | ROC-AUC: 0.8950
2026-05-15 13:18:48 | INFO | Epoch 11: Unfreeze backbone — chuyển sang full param groups với lr riêng.
2026-05-15 13:20:09 | INFO | Epoch [11/100]
2026-05-15 13:20:09 | INFO | Train Loss: 1.0458 | Train Acc: 0.4231 | Val Loss: 0.3552 | Val Acc: 0.7668
2026-05-15 13:20:09 | INFO |   → Saved best model (val_acc=0.7668) to models/vitb16_resattn_best.pth
2026-05-15 13:21:30 | INFO | Epoch [12/100]
2026-05-15 13:21:30 | INFO | Train Loss: 0.7865 | Train Acc: 0.5517 | Val Loss: 0.3887 | Val Acc: 0.6891
2026-05-15 13:22:51 | INFO | Epoch [13/100]
2026-05-15 13:22:51 | INFO | Train Loss: 0.7116 | Train Acc: 0.5897 | Val Loss: 0.3768 | Val Acc: 0.7617
2026-05-15 13:24:12 | INFO | Epoch [14/100]
2026-05-15 13:24:12 | INFO | Train Loss: 0.6877 | Train Acc: 0.6022 | Val Loss: 0.3449 | Val Acc: 0.7202
2026-05-15 13:25:32 | INFO | Epoch [15/100]
2026-05-15 13:25:32 | INFO | Train Loss: 0.6581 | Train Acc: 0.6165 | Val Loss: 0.4583 | Val Acc: 0.7772
2026-05-15 13:25:33 | INFO |   → Saved best model (val_acc=0.7772) to models/vitb16_resattn_best.pth
2026-05-15 13:26:54 | INFO | Epoch [16/100]
2026-05-15 13:26:54 | INFO | Train Loss: 0.6457 | Train Acc: 0.6217 | Val Loss: 0.3919 | Val Acc: 0.7202
2026-05-15 13:28:14 | INFO | Epoch [17/100]
2026-05-15 13:28:14 | INFO | Train Loss: 0.6151 | Train Acc: 0.6347 | Val Loss: 0.2058 | Val Acc: 0.8238
2026-05-15 13:28:15 | INFO |   → Saved best model (val_acc=0.8238) to models/vitb16_resattn_best.pth
2026-05-15 13:29:36 | INFO | Epoch [18/100]
2026-05-15 13:29:36 | INFO | Train Loss: 0.6247 | Train Acc: 0.6343 | Val Loss: 0.2625 | Val Acc: 0.7772
2026-05-15 13:30:57 | INFO | Epoch [19/100]
2026-05-15 13:30:57 | INFO | Train Loss: 0.5832 | Train Acc: 0.6485 | Val Loss: 0.4799 | Val Acc: 0.7150
2026-05-15 13:32:18 | INFO | Epoch [20/100]
2026-05-15 13:32:18 | INFO | Train Loss: 0.5892 | Train Acc: 0.6435 | Val Loss: 0.3362 | Val Acc: 0.7202
2026-05-15 13:32:21 | INFO | --- TEST METRICS @ Epoch 20 ---
2026-05-15 13:32:21 | INFO | Acc@1: 0.6713
2026-05-15 13:32:21 | INFO | Acc@5: 0.9954
2026-05-15 13:32:21 | INFO | Precision: 0.5818
2026-05-15 13:32:21 | INFO | Recall: 0.6737
2026-05-15 13:32:21 | INFO | F1: 0.6018
2026-05-15 13:32:21 | INFO | Macro F1: 0.6018
2026-05-15 13:32:21 | INFO | ROC-AUC: 0.9344
2026-05-15 13:33:42 | INFO | Epoch [21/100]
2026-05-15 13:33:42 | INFO | Train Loss: 0.5654 | Train Acc: 0.6528 | Val Loss: 0.2480 | Val Acc: 0.8135
2026-05-15 13:35:03 | INFO | Epoch [22/100]
2026-05-15 13:35:03 | INFO | Train Loss: 0.5590 | Train Acc: 0.6562 | Val Loss: 0.2848 | Val Acc: 0.7720
2026-05-15 13:36:24 | INFO | Epoch [23/100]
2026-05-15 13:36:24 | INFO | Train Loss: 0.5318 | Train Acc: 0.6671 | Val Loss: 0.3763 | Val Acc: 0.7254
2026-05-15 13:37:45 | INFO | Epoch [24/100]
2026-05-15 13:37:45 | INFO | Train Loss: 0.5462 | Train Acc: 0.6690 | Val Loss: 0.2453 | Val Acc: 0.7876
2026-05-15 13:39:05 | INFO | Epoch [25/100]
2026-05-15 13:39:05 | INFO | Train Loss: 0.5380 | Train Acc: 0.6703 | Val Loss: 0.3046 | Val Acc: 0.7306
2026-05-15 13:40:26 | INFO | Epoch [26/100]
2026-05-15 13:40:26 | INFO | Train Loss: 0.5146 | Train Acc: 0.6802 | Val Loss: 0.2220 | Val Acc: 0.7617
2026-05-15 13:41:47 | INFO | Epoch [27/100]
2026-05-15 13:41:47 | INFO | Train Loss: 0.4876 | Train Acc: 0.6981 | Val Loss: 0.2584 | Val Acc: 0.7409
2026-05-15 13:43:08 | INFO | Epoch [28/100]
2026-05-15 13:43:08 | INFO | Train Loss: 0.4728 | Train Acc: 0.7096 | Val Loss: 0.2530 | Val Acc: 0.7617
2026-05-15 13:44:29 | INFO | Epoch [29/100]
2026-05-15 13:44:29 | INFO | Train Loss: 0.4758 | Train Acc: 0.7023 | Val Loss: 0.2887 | Val Acc: 0.7254
2026-05-15 13:45:50 | INFO | Epoch [30/100]
2026-05-15 13:45:50 | INFO | Train Loss: 0.5038 | Train Acc: 0.6807 | Val Loss: 0.2660 | Val Acc: 0.8031
2026-05-15 13:45:53 | INFO | --- TEST METRICS @ Epoch 30 ---
2026-05-15 13:45:53 | INFO | Acc@1: 0.7652
2026-05-15 13:45:54 | INFO | Acc@5: 0.9967
2026-05-15 13:45:54 | INFO | Precision: 0.6945
2026-05-15 13:45:54 | INFO | Recall: 0.6957
2026-05-15 13:45:54 | INFO | F1: 0.6900
2026-05-15 13:45:54 | INFO | Macro F1: 0.6900
2026-05-15 13:45:54 | INFO | ROC-AUC: 0.9413
2026-05-15 13:47:14 | INFO | Epoch [31/100]
2026-05-15 13:47:14 | INFO | Train Loss: 0.4571 | Train Acc: 0.7172 | Val Loss: 0.2698 | Val Acc: 0.7876
2026-05-15 13:48:35 | INFO | Epoch [32/100]
2026-05-15 13:48:35 | INFO | Train Loss: 0.4857 | Train Acc: 0.6933 | Val Loss: 0.2461 | Val Acc: 0.8187
2026-05-15 13:49:56 | INFO | Epoch [33/100]
2026-05-15 13:49:56 | INFO | Train Loss: 0.4477 | Train Acc: 0.7119 | Val Loss: 0.2253 | Val Acc: 0.8342
2026-05-15 13:49:57 | INFO |   → Saved best model (val_acc=0.8342) to models/vitb16_resattn_best.pth
2026-05-15 13:51:17 | INFO | Epoch [34/100]
2026-05-15 13:51:17 | INFO | Train Loss: 0.4626 | Train Acc: 0.7107 | Val Loss: 0.2747 | Val Acc: 0.7047
2026-05-15 13:52:38 | INFO | Epoch [35/100]
2026-05-15 13:52:38 | INFO | Train Loss: 0.4385 | Train Acc: 0.7264 | Val Loss: 0.2572 | Val Acc: 0.8031
2026-05-15 13:53:59 | INFO | Epoch [36/100]
2026-05-15 13:53:59 | INFO | Train Loss: 0.4445 | Train Acc: 0.7190 | Val Loss: 0.2449 | Val Acc: 0.7824
2026-05-15 13:55:20 | INFO | Epoch [37/100]
2026-05-15 13:55:20 | INFO | Train Loss: 0.4271 | Train Acc: 0.7290 | Val Loss: 0.2610 | Val Acc: 0.7513
2026-05-15 13:56:41 | INFO | Epoch [38/100]
2026-05-15 13:56:41 | INFO | Train Loss: 0.4116 | Train Acc: 0.7269 | Val Loss: 0.2302 | Val Acc: 0.7565
2026-05-15 13:58:02 | INFO | Epoch [39/100]
2026-05-15 13:58:02 | INFO | Train Loss: 0.4443 | Train Acc: 0.7164 | Val Loss: 0.3154 | Val Acc: 0.7979
2026-05-15 13:59:23 | INFO | Epoch [40/100]
2026-05-15 13:59:23 | INFO | Train Loss: 0.4360 | Train Acc: 0.7187 | Val Loss: 0.2632 | Val Acc: 0.7720
2026-05-15 13:59:27 | INFO | --- TEST METRICS @ Epoch 40 ---
2026-05-15 13:59:27 | INFO | Acc@1: 0.7540
2026-05-15 13:59:27 | INFO | Acc@5: 0.9947
2026-05-15 13:59:27 | INFO | Precision: 0.6904
2026-05-15 13:59:27 | INFO | Recall: 0.6858
2026-05-15 13:59:27 | INFO | F1: 0.6719
2026-05-15 13:59:27 | INFO | Macro F1: 0.6719
2026-05-15 13:59:27 | INFO | ROC-AUC: 0.9294
2026-05-15 14:00:48 | INFO | Epoch [41/100]
2026-05-15 14:00:48 | INFO | Train Loss: 0.4339 | Train Acc: 0.7218 | Val Loss: 0.3097 | Val Acc: 0.7461
2026-05-15 14:02:09 | INFO | Epoch [42/100]
2026-05-15 14:02:09 | INFO | Train Loss: 0.4043 | Train Acc: 0.7309 | Val Loss: 0.2886 | Val Acc: 0.7876
2026-05-15 14:03:30 | INFO | Epoch [43/100]
2026-05-15 14:03:30 | INFO | Train Loss: 0.4113 | Train Acc: 0.7344 | Val Loss: 0.2359 | Val Acc: 0.7565
2026-05-15 14:04:51 | INFO | Epoch [44/100]
2026-05-15 14:04:51 | INFO | Train Loss: 0.3903 | Train Acc: 0.7405 | Val Loss: 0.2243 | Val Acc: 0.8446
2026-05-15 14:04:51 | INFO |   → Saved best model (val_acc=0.8446) to models/vitb16_resattn_best.pth
2026-05-15 14:06:12 | INFO | Epoch [45/100]
2026-05-15 14:06:12 | INFO | Train Loss: 0.3787 | Train Acc: 0.7531 | Val Loss: 0.1996 | Val Acc: 0.8549
2026-05-15 14:06:12 | INFO |   → Saved best model (val_acc=0.8549) to models/vitb16_resattn_best.pth
2026-05-15 14:07:33 | INFO | Epoch [46/100]
2026-05-15 14:07:33 | INFO | Train Loss: 0.3950 | Train Acc: 0.7366 | Val Loss: 0.2229 | Val Acc: 0.8290
2026-05-15 14:08:54 | INFO | Epoch [47/100]
2026-05-15 14:08:54 | INFO | Train Loss: 0.3892 | Train Acc: 0.7424 | Val Loss: 0.2282 | Val Acc: 0.7979
2026-05-15 14:10:15 | INFO | Epoch [48/100]
2026-05-15 14:10:15 | INFO | Train Loss: 0.3671 | Train Acc: 0.7538 | Val Loss: 0.2454 | Val Acc: 0.7824
2026-05-15 14:11:36 | INFO | Epoch [49/100]
2026-05-15 14:11:36 | INFO | Train Loss: 0.3956 | Train Acc: 0.7276 | Val Loss: 0.2673 | Val Acc: 0.8031
2026-05-15 14:12:57 | INFO | Epoch [50/100]
2026-05-15 14:12:57 | INFO | Train Loss: 0.3603 | Train Acc: 0.7639 | Val Loss: 0.2092 | Val Acc: 0.8187
2026-05-15 14:13:00 | INFO | --- TEST METRICS @ Epoch 50 ---
2026-05-15 14:13:00 | INFO | Acc@1: 0.7758
2026-05-15 14:13:00 | INFO | Acc@5: 0.9894
2026-05-15 14:13:00 | INFO | Precision: 0.7186
2026-05-15 14:13:00 | INFO | Recall: 0.6624
2026-05-15 14:13:00 | INFO | F1: 0.6796
2026-05-15 14:13:00 | INFO | Macro F1: 0.6796
2026-05-15 14:13:00 | INFO | ROC-AUC: 0.9213
2026-05-15 14:14:21 | INFO | Epoch [51/100]
2026-05-15 14:14:21 | INFO | Train Loss: 0.3659 | Train Acc: 0.7576 | Val Loss: 0.2558 | Val Acc: 0.7979
2026-05-15 14:15:42 | INFO | Epoch [52/100]
2026-05-15 14:15:42 | INFO | Train Loss: 0.3493 | Train Acc: 0.7654 | Val Loss: 0.2551 | Val Acc: 0.7824
2026-05-15 14:17:03 | INFO | Epoch [53/100]
2026-05-15 14:17:03 | INFO | Train Loss: 0.3595 | Train Acc: 0.7519 | Val Loss: 0.2205 | Val Acc: 0.8187
2026-05-15 14:18:24 | INFO | Epoch [54/100]
2026-05-15 14:18:24 | INFO | Train Loss: 0.3411 | Train Acc: 0.7577 | Val Loss: 0.2704 | Val Acc: 0.8238
2026-05-15 14:19:45 | INFO | Epoch [55/100]
2026-05-15 14:19:45 | INFO | Train Loss: 0.3400 | Train Acc: 0.7687 | Val Loss: 0.2628 | Val Acc: 0.7927
2026-05-15 14:21:06 | INFO | Epoch [56/100]
2026-05-15 14:21:06 | INFO | Train Loss: 0.3336 | Train Acc: 0.7623 | Val Loss: 0.2364 | Val Acc: 0.8446
2026-05-15 14:22:27 | INFO | Epoch [57/100]
2026-05-15 14:22:27 | INFO | Train Loss: 0.3385 | Train Acc: 0.7692 | Val Loss: 0.2480 | Val Acc: 0.8031
2026-05-15 14:23:48 | INFO | Epoch [58/100]
2026-05-15 14:23:48 | INFO | Train Loss: 0.3390 | Train Acc: 0.7594 | Val Loss: 0.2393 | Val Acc: 0.8342
2026-05-15 14:25:09 | INFO | Epoch [59/100]
2026-05-15 14:25:09 | INFO | Train Loss: 0.3323 | Train Acc: 0.7560 | Val Loss: 0.2475 | Val Acc: 0.8187
2026-05-15 14:26:30 | INFO | Epoch [60/100]
2026-05-15 14:26:30 | INFO | Train Loss: 0.3299 | Train Acc: 0.7726 | Val Loss: 0.2738 | Val Acc: 0.8187
2026-05-15 14:26:33 | INFO | --- TEST METRICS @ Epoch 60 ---
2026-05-15 14:26:33 | INFO | Acc@1: 0.7804
2026-05-15 14:26:33 | INFO | Acc@5: 0.9901
2026-05-15 14:26:33 | INFO | Precision: 0.7285
2026-05-15 14:26:33 | INFO | Recall: 0.6332
2026-05-15 14:26:33 | INFO | F1: 0.6692
2026-05-15 14:26:33 | INFO | Macro F1: 0.6692
2026-05-15 14:26:33 | INFO | ROC-AUC: 0.9105
2026-05-15 14:27:54 | INFO | Epoch [61/100]
2026-05-15 14:27:54 | INFO | Train Loss: 0.3146 | Train Acc: 0.7759 | Val Loss: 0.2373 | Val Acc: 0.8187
2026-05-15 14:29:15 | INFO | Epoch [62/100]
2026-05-15 14:29:15 | INFO | Train Loss: 0.3021 | Train Acc: 0.7863 | Val Loss: 0.2297 | Val Acc: 0.8394
2026-05-15 14:30:36 | INFO | Epoch [63/100]
2026-05-15 14:30:36 | INFO | Train Loss: 0.3285 | Train Acc: 0.7499 | Val Loss: 0.2428 | Val Acc: 0.8187
2026-05-15 14:31:57 | INFO | Epoch [64/100]
2026-05-15 14:31:57 | INFO | Train Loss: 0.3123 | Train Acc: 0.7627 | Val Loss: 0.2200 | Val Acc: 0.8497
2026-05-15 14:33:17 | INFO | Epoch [65/100]
2026-05-15 14:33:17 | INFO | Train Loss: 0.2972 | Train Acc: 0.7830 | Val Loss: 0.2504 | Val Acc: 0.8238
2026-05-15 14:34:38 | INFO | Epoch [66/100]
2026-05-15 14:34:38 | INFO | Train Loss: 0.3113 | Train Acc: 0.7753 | Val Loss: 0.2196 | Val Acc: 0.8394
2026-05-15 14:35:59 | INFO | Epoch [67/100]
2026-05-15 14:35:59 | INFO | Train Loss: 0.3130 | Train Acc: 0.7672 | Val Loss: 0.2143 | Val Acc: 0.8601
2026-05-15 14:36:00 | INFO |   → Saved best model (val_acc=0.8601) to models/vitb16_resattn_best.pth
2026-05-15 14:37:21 | INFO | Epoch [68/100]
2026-05-15 14:37:21 | INFO | Train Loss: 0.2922 | Train Acc: 0.7780 | Val Loss: 0.2642 | Val Acc: 0.8497
2026-05-15 14:38:41 | INFO | Epoch [69/100]
2026-05-15 14:38:41 | INFO | Train Loss: 0.2877 | Train Acc: 0.7805 | Val Loss: 0.2596 | Val Acc: 0.8549
2026-05-15 14:40:02 | INFO | Epoch [70/100]
2026-05-15 14:40:02 | INFO | Train Loss: 0.2926 | Train Acc: 0.7745 | Val Loss: 0.2065 | Val Acc: 0.8756
2026-05-15 14:40:03 | INFO |   → Saved best model (val_acc=0.8756) to models/vitb16_resattn_best.pth
2026-05-15 14:40:06 | INFO | --- TEST METRICS @ Epoch 70 ---
2026-05-15 14:40:06 | INFO | Acc@1: 0.7956
2026-05-15 14:40:06 | INFO | Acc@5: 0.9854
2026-05-15 14:40:06 | INFO | Precision: 0.7583
2026-05-15 14:40:06 | INFO | Recall: 0.6490
2026-05-15 14:40:06 | INFO | F1: 0.6904
2026-05-15 14:40:06 | INFO | Macro F1: 0.6904
2026-05-15 14:40:06 | INFO | ROC-AUC: 0.9045
2026-05-15 14:41:27 | INFO | Epoch [71/100]
2026-05-15 14:41:27 | INFO | Train Loss: 0.2733 | Train Acc: 0.7957 | Val Loss: 0.2579 | Val Acc: 0.8238
2026-05-15 14:42:48 | INFO | Epoch [72/100]
2026-05-15 14:42:48 | INFO | Train Loss: 0.2825 | Train Acc: 0.7855 | Val Loss: 0.2455 | Val Acc: 0.8497
2026-05-15 14:44:09 | INFO | Epoch [73/100]
2026-05-15 14:44:09 | INFO | Train Loss: 0.2868 | Train Acc: 0.7750 | Val Loss: 0.2294 | Val Acc: 0.8446
2026-05-15 14:45:30 | INFO | Epoch [74/100]
2026-05-15 14:45:30 | INFO | Train Loss: 0.2773 | Train Acc: 0.7787 | Val Loss: 0.2432 | Val Acc: 0.8653
2026-05-15 14:46:51 | INFO | Epoch [75/100]
2026-05-15 14:46:51 | INFO | Train Loss: 0.2737 | Train Acc: 0.7768 | Val Loss: 0.2673 | Val Acc: 0.8238
2026-05-15 14:48:12 | INFO | Epoch [76/100]
2026-05-15 14:48:12 | INFO | Train Loss: 0.2612 | Train Acc: 0.7900 | Val Loss: 0.2340 | Val Acc: 0.8653
2026-05-15 14:49:33 | INFO | Epoch [77/100]
2026-05-15 14:49:33 | INFO | Train Loss: 0.2649 | Train Acc: 0.8001 | Val Loss: 0.2669 | Val Acc: 0.8549
2026-05-15 14:50:54 | INFO | Epoch [78/100]
2026-05-15 14:50:54 | INFO | Train Loss: 0.2746 | Train Acc: 0.7867 | Val Loss: 0.2749 | Val Acc: 0.8808
2026-05-15 14:50:54 | INFO |   → Saved best model (val_acc=0.8808) to models/vitb16_resattn_best.pth
2026-05-15 14:52:16 | INFO | Epoch [79/100]
2026-05-15 14:52:16 | INFO | Train Loss: 0.2699 | Train Acc: 0.7907 | Val Loss: 0.2600 | Val Acc: 0.8601
2026-05-15 14:53:37 | INFO | Epoch [80/100]
2026-05-15 14:53:37 | INFO | Train Loss: 0.2605 | Train Acc: 0.7935 | Val Loss: 0.2783 | Val Acc: 0.8549
2026-05-15 14:53:41 | INFO | --- TEST METRICS @ Epoch 80 ---
2026-05-15 14:53:41 | INFO | Acc@1: 0.7956
2026-05-15 14:53:41 | INFO | Acc@5: 0.9828
2026-05-15 14:53:41 | INFO | Precision: 0.7617
2026-05-15 14:53:41 | INFO | Recall: 0.6488
2026-05-15 14:53:41 | INFO | F1: 0.6934
2026-05-15 14:53:41 | INFO | Macro F1: 0.6934
2026-05-15 14:53:41 | INFO | ROC-AUC: 0.8858
2026-05-15 14:55:02 | INFO | Epoch [81/100]
2026-05-15 14:55:02 | INFO | Train Loss: 0.2471 | Train Acc: 0.7996 | Val Loss: 0.3106 | Val Acc: 0.8238
2026-05-15 14:56:23 | INFO | Epoch [82/100]
2026-05-15 14:56:23 | INFO | Train Loss: 0.2484 | Train Acc: 0.7914 | Val Loss: 0.3022 | Val Acc: 0.8394
2026-05-15 14:57:44 | INFO | Epoch [83/100]
2026-05-15 14:57:44 | INFO | Train Loss: 0.2478 | Train Acc: 0.7985 | Val Loss: 0.2678 | Val Acc: 0.8290
2026-05-15 14:59:05 | INFO | Epoch [84/100]
2026-05-15 14:59:05 | INFO | Train Loss: 0.2371 | Train Acc: 0.7966 | Val Loss: 0.2888 | Val Acc: 0.8394
2026-05-15 15:00:25 | INFO | Epoch [85/100]
2026-05-15 15:00:25 | INFO | Train Loss: 0.2464 | Train Acc: 0.8013 | Val Loss: 0.2644 | Val Acc: 0.8601
2026-05-15 15:01:46 | INFO | Epoch [86/100]
2026-05-15 15:01:46 | INFO | Train Loss: 0.2460 | Train Acc: 0.8010 | Val Loss: 0.3017 | Val Acc: 0.8497
2026-05-15 15:03:07 | INFO | Epoch [87/100]
2026-05-15 15:03:07 | INFO | Train Loss: 0.2404 | Train Acc: 0.8070 | Val Loss: 0.2806 | Val Acc: 0.8446
2026-05-15 15:04:28 | INFO | Epoch [88/100]
2026-05-15 15:04:28 | INFO | Train Loss: 0.2561 | Train Acc: 0.7933 | Val Loss: 0.2894 | Val Acc: 0.8497
2026-05-15 15:05:49 | INFO | Epoch [89/100]
2026-05-15 15:05:49 | INFO | Train Loss: 0.2626 | Train Acc: 0.7783 | Val Loss: 0.2984 | Val Acc: 0.8394
2026-05-15 15:07:10 | INFO | Epoch [90/100]
2026-05-15 15:07:10 | INFO | Train Loss: 0.2307 | Train Acc: 0.8041 | Val Loss: 0.3070 | Val Acc: 0.8446
2026-05-15 15:07:13 | INFO | --- TEST METRICS @ Epoch 90 ---
2026-05-15 15:07:13 | INFO | Acc@1: 0.7996
2026-05-15 15:07:13 | INFO | Acc@5: 0.9782
2026-05-15 15:07:13 | INFO | Precision: 0.7708
2026-05-15 15:07:13 | INFO | Recall: 0.6428
2026-05-15 15:07:13 | INFO | F1: 0.6923
2026-05-15 15:07:13 | INFO | Macro F1: 0.6923
2026-05-15 15:07:13 | INFO | ROC-AUC: 0.8870
2026-05-15 15:08:34 | INFO | Epoch [91/100]
2026-05-15 15:08:34 | INFO | Train Loss: 0.2498 | Train Acc: 0.7908 | Val Loss: 0.3021 | Val Acc: 0.8394
2026-05-15 15:09:55 | INFO | Epoch [92/100]
2026-05-15 15:09:55 | INFO | Train Loss: 0.2331 | Train Acc: 0.8088 | Val Loss: 0.3043 | Val Acc: 0.8394
2026-05-15 15:11:16 | INFO | Epoch [93/100]
2026-05-15 15:11:16 | INFO | Train Loss: 0.2369 | Train Acc: 0.7943 | Val Loss: 0.3008 | Val Acc: 0.8446
2026-05-15 15:12:37 | INFO | Epoch [94/100]
2026-05-15 15:12:37 | INFO | Train Loss: 0.2444 | Train Acc: 0.7967 | Val Loss: 0.3021 | Val Acc: 0.8290
2026-05-15 15:13:58 | INFO | Epoch [95/100]
2026-05-15 15:13:58 | INFO | Train Loss: 0.2434 | Train Acc: 0.7886 | Val Loss: 0.3063 | Val Acc: 0.8394
2026-05-15 15:15:19 | INFO | Epoch [96/100]
2026-05-15 15:15:19 | INFO | Train Loss: 0.2502 | Train Acc: 0.7923 | Val Loss: 0.2970 | Val Acc: 0.8446
2026-05-15 15:16:40 | INFO | Epoch [97/100]
2026-05-15 15:16:40 | INFO | Train Loss: 0.2355 | Train Acc: 0.8022 | Val Loss: 0.2984 | Val Acc: 0.8394
2026-05-15 15:18:00 | INFO | Epoch [98/100]
2026-05-15 15:18:00 | INFO | Train Loss: 0.2288 | Train Acc: 0.8099 | Val Loss: 0.3105 | Val Acc: 0.8446
2026-05-15 15:19:21 | INFO | Epoch [99/100]
2026-05-15 15:19:21 | INFO | Train Loss: 0.2458 | Train Acc: 0.7966 | Val Loss: 0.3120 | Val Acc: 0.8446
2026-05-15 15:20:42 | INFO | Epoch [100/100]
2026-05-15 15:20:42 | INFO | Train Loss: 0.2272 | Train Acc: 0.8167 | Val Loss: 0.3082 | Val Acc: 0.8394
2026-05-15 15:20:46 | INFO | --- TEST METRICS @ Epoch 100 ---
2026-05-15 15:20:46 | INFO | Acc@1: 0.7983
2026-05-15 15:20:46 | INFO | Acc@5: 0.9782
2026-05-15 15:20:46 | INFO | Precision: 0.7759
2026-05-15 15:20:46 | INFO | Recall: 0.6275
2026-05-15 15:20:46 | INFO | F1: 0.6839
2026-05-15 15:20:46 | INFO | Macro F1: 0.6839
2026-05-15 15:20:46 | INFO | ROC-AUC: 0.8791
2026-05-15 15:20:46 | INFO | Total Train Time: 8104.56s
2026-05-15 15:20:46 | INFO | ===== MODEL INFO =====
2026-05-15 15:20:46 | INFO | Model: vitb16_resattn
2026-05-15 15:20:46 | INFO | GFLOPs: 11.30
2026-05-15 15:20:46 | INFO | Params (M): 85.84
2026-05-15 15:20:50 | INFO | ===== FINAL TEST METRICS =====
2026-05-15 15:20:50 | INFO | Acc@1: 0.7983
2026-05-15 15:20:50 | INFO | Acc@5: 0.9782
2026-05-15 15:20:50 | INFO | Precision: 0.7759
2026-05-15 15:20:50 | INFO | Recall: 0.6275
2026-05-15 15:20:50 | INFO | F1: 0.6839
2026-05-15 15:20:50 | INFO | Macro F1: 0.6839
2026-05-15 15:20:50 | INFO | ROC-AUC: 0.8791
